#
# A fatal error has been detected by the Java Runtime Environment:
#
#  EXCEPTION_ACCESS_VIOLATION (0xc0000005) at pc=0x0000000058df6859, pid=2476, tid=6388
#
# JRE version: 7.0_21-b11
# Java VM: Java HotSpot(TM) 64-Bit Server VM (23.21-b01 mixed mode windows-amd64 compressed oops)
# Problematic frame:
# V  [jvm.dll+0x36859]
#
# Failed to write core dump. Minidumps are not enabled by default on client versions of Windows
#
# If you would like to submit a bug report, please visit:
#   http://bugreport.sun.com/bugreport/crash.jsp
#

---------------  T H R E A D  ---------------

Current thread (0x0000000009472000):  JavaThread "JDWP Transport Listener: dt_shmem" daemon [_thread_in_vm, id=6388, stack(0x000000000b670000,0x000000000b770000)]

siginfo: ExceptionCode=0xc0000005, reading address 0x0000000000000039

Registers:
RAX=0xfefefefefefefefe, RBX=0x0000000009472000, RCX=0x0000000000000031, RDX=0x00000000bc2168a8
RSP=0x000000000b76f428, RBP=0x0000000002bbb580, RSI=0x000000000b76f4e8, RDI=0x0000000000000031
R8 =0x000000000b76f4e8, R9 =0x0000000000000000, R10=0x00000000bd57a4f0, R11=0x00000000585cf590
R12=0x00000000585c72b8, R13=0x00000000585c729c, R14=0x00000000585ca4e0, R15=0x00000000585c72b8
RIP=0x0000000058df6859, EFLAGS=0x0000000000010202

Top of Stack: (sp=0x000000000b76f428)
0x000000000b76f428:   000000005907603a 000000000e0f9600
0x000000000b76f438:   0000000009472000 0000000009472000
0x000000000b76f448:   0000000058ebb589 0000000009472000
0x000000000b76f458:   0000000000000000 0000000000000000
0x000000000b76f468:   0000000000000000 000000000e0f9608
0x000000000b76f478:   00000000585c15dd 000000000c712650
0x000000000b76f488:   00000000585cc5e8 00000000585cc5e8
0x000000000b76f498:   00000000094721d8 00000000585c72b8
0x000000000b76f4a8:   0000000058ebbb6d 0000000009472000
0x000000000b76f4b8:   0000000000000000 00000000bd57a4f0
0x000000000b76f4c8:   0000000000000052 000000000e0f9608
0x000000000b76f4d8:   00000000585c3b02 00000000094721d8
0x000000000b76f4e8:   00000000585cc500 000000000b76f690
0x000000000b76f4f8:   000000000e0f9608 00000000585cc5e8
0x000000000b76f508:   000000000bc415a8 000000000bc415a8
0x000000000b76f518:   00000000585c557f 000000000e0f9608 

Instructions: (pc=0x0000000058df6859)
0x0000000058df6839:   c4 20 5b c3 c7 43 18 00 00 00 00 48 8b c3 48 83
0x0000000058df6849:   c4 20 5b c3 cc cc cc 80 3d 21 75 67 00 00 74 15
0x0000000058df6859:   8b 41 08 8b 0d b6 5c 62 00 48 d3 e0 48 03 05 a4
0x0000000058df6869:   5c 62 00 eb 04 48 8b 41 08 8b 4a 1c 4c 8d 40 10 


Register to memory mapping:

RAX=0xfefefefefefefefe is an unknown value
RBX=0x0000000009472000 is a thread
RCX=0x0000000000000031 is an unknown value
RDX=0x00000000bc2168a8 is an oop
{instance class} 
 - klass: {other class}
RSP=0x000000000b76f428 is pointing into the stack for thread: 0x0000000009472000
RBP=0x0000000002bbb580 is an unknown value
RSI=0x000000000b76f4e8 is pointing into the stack for thread: 0x0000000009472000
RDI=0x0000000000000031 is an unknown value
R8 =0x000000000b76f4e8 is pointing into the stack for thread: 0x0000000009472000
R9 =0x0000000000000000 is an unknown value
R10=0x00000000bd57a4f0 is an oop
{instance class} 
 - klass: {other class}
R11=0x00000000585cf590 is an unknown value
R12=0x00000000585c72b8 is an unknown value
R13=0x00000000585c729c is an unknown value
R14=0x00000000585ca4e0 is an unknown value
R15=0x00000000585c72b8 is an unknown value


Stack: [0x000000000b670000,0x000000000b770000],  sp=0x000000000b76f428,  free space=1021k
Native frames: (J=compiled Java code, j=interpreted, Vv=VM code, C=native code)
V  [jvm.dll+0x36859]


---------------  P R O C E S S  ---------------

Java Threads: ( => current thread )
  0x000000000c633000 JavaThread "Thread-3" [_thread_blocked, id=6308, stack(0x000000000de70000,0x000000000df70000)]
  0x000000000c632800 JavaThread "Thread-2" [_thread_blocked, id=6720, stack(0x000000000dd70000,0x000000000de70000)]
  0x000000000c554800 JavaThread "TimerQueue" daemon [_thread_blocked, id=1576, stack(0x000000000da70000,0x000000000db70000)]
  0x0000000002bc2800 JavaThread "DestroyJavaVM" [_thread_blocked, id=4824, stack(0x00000000029e0000,0x0000000002ae0000)]
  0x000000000c4a5000 JavaThread "org.netbeans.modules.debugger.jpda.visual AWT Access Loop" daemon [_thread_blocked, id=824, stack(0x000000000d970000,0x000000000da70000)]
  0x000000000c2fc800 JavaThread "AWT-EventQueue-0" [_thread_in_Java, id=828, stack(0x000000000d770000,0x000000000d870000)]
  0x000000000bc26800 JavaThread "AWT-Windows" daemon [_thread_in_native, id=4428, stack(0x000000000cc60000,0x000000000cd60000)]
  0x000000000bc25800 JavaThread "AWT-Shutdown" [_thread_blocked, id=4888, stack(0x000000000cb60000,0x000000000cc60000)]
  0x000000000bc23000 JavaThread "Java2D Disposer" daemon [_thread_blocked, id=7136, stack(0x000000000ca60000,0x000000000cb60000)]
  0x0000000009497000 JavaThread "Service Thread" daemon [_thread_blocked, id=7004, stack(0x000000000bf70000,0x000000000c070000)]
  0x0000000009496000 JavaThread "C2 CompilerThread1" daemon [_thread_blocked, id=4880, stack(0x000000000be70000,0x000000000bf70000)]
  0x0000000009495800 JavaThread "C2 CompilerThread0" daemon [_thread_blocked, id=6624, stack(0x000000000bd70000,0x000000000be70000)]
  0x000000000947f000 JavaThread "JDWP Command Reader" daemon [_thread_in_native, id=5108, stack(0x000000000b870000,0x000000000b970000)]
  0x000000000947c000 JavaThread "JDWP Event Helper Thread" daemon [_thread_blocked, id=4196, stack(0x000000000b770000,0x000000000b870000)]
=>0x0000000009472000 JavaThread "JDWP Transport Listener: dt_shmem" daemon [_thread_in_vm, id=6388, stack(0x000000000b670000,0x000000000b770000)]
  0x000000000946a000 JavaThread "Attach Listener" daemon [_thread_blocked, id=3716, stack(0x000000000b570000,0x000000000b670000)]
  0x0000000009465000 JavaThread "Signal Dispatcher" daemon [_thread_blocked, id=4648, stack(0x000000000b470000,0x000000000b570000)]
  0x0000000009402000 JavaThread "Finalizer" daemon [_thread_blocked, id=6696, stack(0x000000000b370000,0x000000000b470000)]
  0x00000000093fb000 JavaThread "Reference Handler" daemon [_thread_blocked, id=1968, stack(0x000000000b270000,0x000000000b370000)]

Other Threads:
  0x00000000093f4800 VMThread [stack: 0x000000000b170000,0x000000000b270000] [id=2840]
  0x000000000b9cd800 WatcherThread [stack: 0x000000000c070000,0x000000000c170000] [id=4720]

VM state:not at safepoint (normal execution)

VM Mutex/Monitor currently owned by a thread: None

Heap
 PSYoungGen      total 14976K, used 2728K [0x00000000eb160000, 0x00000000ec5d0000, 0x0000000100000000)
  eden space 10048K, 24% used [0x00000000eb160000,0x00000000eb3ca0f8,0x00000000ebb30000)
  from space 4928K, 5% used [0x00000000ec100000,0x00000000ec140000,0x00000000ec5d0000)
  to   space 5440K, 0% used [0x00000000ebb30000,0x00000000ebb30000,0x00000000ec080000)
 ParOldGen       total 42880K, used 26188K [0x00000000c1400000, 0x00000000c3de0000, 0x00000000eb160000)
  object space 42880K, 61% used [0x00000000c1400000,0x00000000c2d93370,0x00000000c3de0000)
 PSPermGen       total 23936K, used 23929K [0x00000000bc200000, 0x00000000bd960000, 0x00000000c1400000)
  object space 23936K, 99% used [0x00000000bc200000,0x00000000bd95e558,0x00000000bd960000)

Card table byte_map: [0x0000000005cc0000,0x0000000005ee0000] byte_map_base: 0x00000000056df000

Polling page: 0x0000000001140000

Code Cache  [0x0000000002cc0000, 0x0000000002f30000, 0x0000000005cc0000)
 total_blobs=822 nmethods=341 adapters=440 free_code_cache=47791Kb largest_free_block=48898112

Compilation events (10 events):
Event: 329.385 Thread 0x0000000009495800  337             java.lang.Class::forName (36 bytes)
Event: 329.386 Thread 0x0000000009495800 nmethod 337 0x0000000002e0ed90 code [0x0000000002e0eee0, 0x0000000002e0ef88]
Event: 329.526 Thread 0x0000000009496000  338             java.lang.Class::getClassLoader (49 bytes)
Event: 329.527 Thread 0x0000000009496000 nmethod 338 0x0000000002dd0450 code [0x0000000002dd05a0, 0x0000000002dd0648]
Event: 329.641 Thread 0x0000000009495800  339             java.util.ArrayList::<init> (7 bytes)
Event: 329.641 Thread 0x0000000009495800 nmethod 339 0x0000000002e1bf90 code [0x0000000002e1c0e0, 0x0000000002e1c1d8]
Event: 329.656 Thread 0x0000000009496000  340             java.util.Arrays$ArrayList::get (7 bytes)
Event: 329.656 Thread 0x0000000009496000 nmethod 340 0x0000000002e10d10 code [0x0000000002e10e40, 0x0000000002e10ef8]
Event: 340.316 Thread 0x0000000009495800  341  s          java.lang.Throwable::getOurStackTrace (80 bytes)
Event: 340.319 Thread 0x0000000009495800 nmethod 341 0x0000000002e127d0 code [0x0000000002e12940, 0x0000000002e12f38]

GC Heap History (10 events):
Event: 308.510 GC heap before
{Heap before GC invocations=24 (full 0):
 PSYoungGen      total 11392K, used 11344K [0x00000000eb160000, 0x00000000ecac0000, 0x0000000100000000)
  eden space 11008K, 100% used [0x00000000eb160000,0x00000000ebc20000,0x00000000ebc20000)
  from space 384K, 87% used [0x00000000ebc50000,0x00000000ebca4020,0x00000000ebcb0000)
  to   space 7488K, 0% used [0x00000000ec370000,0x00000000ec370000,0x00000000ecac0000)
 ParOldGen       total 42880K, used 25380K [0x00000000c1400000, 0x00000000c3de0000, 0x00000000eb160000)
  object space 42880K, 59% used [0x00000000c1400000,0x00000000c2cc9240,0x00000000c3de0000)
 PSPermGen       total 23936K, used 23910K [0x00000000bc200000, 0x00000000bd960000, 0x00000000c1400000)
  object space 23936K, 99% used [0x00000000bc200000,0x00000000bd959870,0x00000000bd960000)
Event: 308.511 GC heap after
Heap after GC invocations=24 (full 0):
 PSYoungGen      total 17216K, used 352K [0x00000000eb160000, 0x00000000ec9b0000, 0x0000000100000000)
  eden space 10816K, 0% used [0x00000000eb160000,0x00000000eb160000,0x00000000ebbf0000)
  from space 6400K, 5% used [0x00000000ec370000,0x00000000ec3c8020,0x00000000ec9b0000)
  to   space 7040K, 0% used [0x00000000ebbf0000,0x00000000ebbf0000,0x00000000ec2d0000)
 ParOldGen       total 42880K, used 25540K [0x00000000c1400000, 0x00000000c3de0000, 0x00000000eb160000)
  object space 42880K, 59% used [0x00000000c1400000,0x00000000c2cf1280,0x00000000c3de0000)
 PSPermGen       total 23936K, used 23910K [0x00000000bc200000, 0x00000000bd960000, 0x00000000c1400000)
  object space 23936K, 99% used [0x00000000bc200000,0x00000000bd959870,0x00000000bd960000)
}
Event: 321.543 GC heap before
{Heap before GC invocations=25 (full 0):
 PSYoungGen      total 17216K, used 11168K [0x00000000eb160000, 0x00000000ec9b0000, 0x0000000100000000)
  eden space 10816K, 100% used [0x00000000eb160000,0x00000000ebbf0000,0x00000000ebbf0000)
  from space 6400K, 5% used [0x00000000ec370000,0x00000000ec3c8020,0x00000000ec9b0000)
  to   space 7040K, 0% used [0x00000000ebbf0000,0x00000000ebbf0000,0x00000000ec2d0000)
 ParOldGen       total 42880K, used 25540K [0x00000000c1400000, 0x00000000c3de0000, 0x00000000eb160000)
  object space 42880K, 59% used [0x00000000c1400000,0x00000000c2cf1280,0x00000000c3de0000)
 PSPermGen       total 23936K, used 23913K [0x00000000bc200000, 0x00000000bd960000, 0x00000000c1400000)
  object space 23936K, 99% used [0x00000000bc200000,0x00000000bd95a670,0x00000000bd960000)
Event: 321.545 GC heap after
Heap after GC invocations=25 (full 0):
 PSYoungGen      total 11072K, used 400K [0x00000000eb160000, 0x00000000ec8a0000, 0x0000000100000000)
  eden space 10624K, 0% used [0x00000000eb160000,0x00000000eb160000,0x00000000ebbc0000)
  from space 448K, 89% used [0x00000000ebbf0000,0x00000000ebc54020,0x00000000ebc60000)
  to   space 6592K, 0% used [0x00000000ec230000,0x00000000ec230000,0x00000000ec8a0000)
 ParOldGen       total 42880K, used 25660K [0x00000000c1400000, 0x00000000c3de0000, 0x00000000eb160000)
  object space 42880K, 59% used [0x00000000c1400000,0x00000000c2d0f290,0x00000000c3de0000)
 PSPermGen       total 23936K, used 23913K [0x00000000bc200000, 0x00000000bd960000, 0x00000000c1400000)
  object space 23936K, 99% used [0x00000000bc200000,0x00000000bd95a670,0x00000000bd960000)
}
Event: 329.343 GC heap before
{Heap before GC invocations=26 (full 0):
 PSYoungGen      total 11072K, used 11024K [0x00000000eb160000, 0x00000000ec8a0000, 0x0000000100000000)
  eden space 10624K, 100% used [0x00000000eb160000,0x00000000ebbc0000,0x00000000ebbc0000)
  from space 448K, 89% used [0x00000000ebbf0000,0x00000000ebc54020,0x00000000ebc60000)
  to   space 6592K, 0% used [0x00000000ec230000,0x00000000ec230000,0x00000000ec8a0000)
 ParOldGen       total 42880K, used 25660K [0x00000000c1400000, 0x00000000c3de0000, 0x00000000eb160000)
  object space 42880K, 59% used [0x00000000c1400000,0x00000000c2d0f290,0x00000000c3de0000)
 PSPermGen       total 23936K, used 23915K [0x00000000bc200000, 0x00000000bd960000, 0x00000000c1400000)
  object space 23936K, 99% used [0x00000000bc200000,0x00000000bd95adf8,0x00000000bd960000)
Event: 329.344 GC heap after
Heap after GC invocations=26 (full 0):
 PSYoungGen      total 15936K, used 352K [0x00000000eb160000, 0x00000000ec790000, 0x0000000100000000)
  eden space 10432K, 0% used [0x00000000eb160000,0x00000000eb160000,0x00000000ebb90000)
  from space 5504K, 6% used [0x00000000ec230000,0x00000000ec288020,0x00000000ec790000)
  to   space 6144K, 0% used [0x00000000ebb90000,0x00000000ebb90000,0x00000000ec190000)
 ParOldGen       total 42880K, used 25860K [0x00000000c1400000, 0x00000000c3de0000, 0x00000000eb160000)
  object space 42880K, 60% used [0x00000000c1400000,0x00000000c2d41300,0x00000000c3de0000)
 PSPermGen       total 23936K, used 23915K [0x00000000bc200000, 0x00000000bd960000, 0x00000000c1400000)
  object space 23936K, 99% used [0x00000000bc200000,0x00000000bd95adf8,0x00000000bd960000)
}
Event: 339.596 GC heap before
{Heap before GC invocations=27 (full 0):
 PSYoungGen      total 15936K, used 10784K [0x00000000eb160000, 0x00000000ec790000, 0x0000000100000000)
  eden space 10432K, 100% used [0x00000000eb160000,0x00000000ebb90000,0x00000000ebb90000)
  from space 5504K, 6% used [0x00000000ec230000,0x00000000ec288020,0x00000000ec790000)
  to   space 6144K, 0% used [0x00000000ebb90000,0x00000000ebb90000,0x00000000ec190000)
 ParOldGen       total 42880K, used 25860K [0x00000000c1400000, 0x00000000c3de0000, 0x00000000eb160000)
  object space 42880K, 60% used [0x00000000c1400000,0x00000000c2d41300,0x00000000c3de0000)
 PSPermGen       total 23936K, used 23926K [0x00000000bc200000, 0x00000000bd960000, 0x00000000c1400000)
  object space 23936K, 99% used [0x00000000bc200000,0x00000000bd95daa0,0x00000000bd960000)
Event: 339.598 GC heap after
Heap after GC invocations=27 (full 0):
 PSYoungGen      total 10560K, used 304K [0x00000000eb160000, 0x00000000ec6a0000, 0x0000000100000000)
  eden space 10240K, 0% used [0x00000000eb160000,0x00000000eb160000,0x00000000ebb60000)
  from space 320K, 95% used [0x00000000ebb90000,0x00000000ebbdc020,0x00000000ebbe0000)
  to   space 5760K, 0% used [0x00000000ec100000,0x00000000ec100000,0x00000000ec6a0000)
 ParOldGen       total 42880K, used 26028K [0x00000000c1400000, 0x00000000c3de0000, 0x00000000eb160000)
  object space 42880K, 60% used [0x00000000c1400000,0x00000000c2d6b330,0x00000000c3de0000)
 PSPermGen       total 23936K, used 23926K [0x00000000bc200000, 0x00000000bd960000, 0x00000000c1400000)
  object space 23936K, 99% used [0x00000000bc200000,0x00000000bd95daa0,0x00000000bd960000)
}
Event: 340.208 GC heap before
{Heap before GC invocations=28 (full 0):
 PSYoungGen      total 10560K, used 10544K [0x00000000eb160000, 0x00000000ec6a0000, 0x0000000100000000)
  eden space 10240K, 100% used [0x00000000eb160000,0x00000000ebb60000,0x00000000ebb60000)
  from space 320K, 95% used [0x00000000ebb90000,0x00000000ebbdc020,0x00000000ebbe0000)
  to   space 5760K, 0% used [0x00000000ec100000,0x00000000ec100000,0x00000000ec6a0000)
 ParOldGen       total 42880K, used 26028K [0x00000000c1400000, 0x00000000c3de0000, 0x00000000eb160000)
  object space 42880K, 60% used [0x00000000c1400000,0x00000000c2d6b330,0x00000000c3de0000)
 PSPermGen       total 23936K, used 23928K [0x00000000bc200000, 0x00000000bd960000, 0x00000000c1400000)
  object space 23936K, 99% used [0x00000000bc200000,0x00000000bd95e0a0,0x00000000bd960000)
Event: 340.209 GC heap after
Heap after GC invocations=28 (full 0):
 PSYoungGen      total 14976K, used 256K [0x00000000eb160000, 0x00000000ec5d0000, 0x0000000100000000)
  eden space 10048K, 0% used [0x00000000eb160000,0x00000000eb160000,0x00000000ebb30000)
  from space 4928K, 5% used [0x00000000ec100000,0x00000000ec140000,0x00000000ec5d0000)
  to   space 5440K, 0% used [0x00000000ebb30000,0x00000000ebb30000,0x00000000ec080000)
 ParOldGen       total 42880K, used 26188K [0x00000000c1400000, 0x00000000c3de0000, 0x00000000eb160000)
  object space 42880K, 61% used [0x00000000c1400000,0x00000000c2d93370,0x00000000c3de0000)
 PSPermGen       total 23936K, used 23928K [0x00000000bc200000, 0x00000000bd960000, 0x00000000c1400000)
  object space 23936K, 99% used [0x00000000bc200000,0x00000000bd95e0a0,0x00000000bd960000)
}

Deoptimization events (10 events):
Event: 2.531 Thread 0x000000000c2fc800 Uncommon trap -83 fr.pc 0x0000000002d6a35c
Event: 2.600 Thread 0x000000000c2fc800 Uncommon trap -58 fr.pc 0x0000000002d648c4
Event: 2.600 Thread 0x000000000c2fc800 Uncommon trap -58 fr.pc 0x0000000002d648c4
Event: 2.600 Thread 0x000000000c2fc800 Uncommon trap -58 fr.pc 0x0000000002d648c4
Event: 2.607 Thread 0x000000000c2fc800 Uncommon trap -58 fr.pc 0x0000000002d648c4
Event: 2.626 Thread 0x000000000c2fc800 Uncommon trap 198 fr.pc 0x0000000002d784cc
Event: 2.729 Thread 0x000000000c2fc800 Uncommon trap -34 fr.pc 0x0000000002d35680
Event: 2.731 Thread 0x000000000c2fc800 Uncommon trap -34 fr.pc 0x0000000002d35680
Event: 2.737 Thread 0x000000000c2fc800 Uncommon trap -34 fr.pc 0x0000000002d35680
Event: 2.737 Thread 0x000000000c2fc800 Uncommon trap -34 fr.pc 0x0000000002d35680

Internal exceptions (10 events):
Event: 340.275 Thread 0x000000000c2fc800 Threw 0x00000000eb277588 at C:\jdk7u2_64p\jdk7u21\hotspot\src\share\vm\interpreter\interpreterRuntime.cpp:347
Event: 340.276 Thread 0x000000000c2fc800 Threw 0x00000000eb27a3b8 at C:\jdk7u2_64p\jdk7u21\hotspot\src\share\vm\interpreter\interpreterRuntime.cpp:347
Event: 347.372 Thread 0x000000000c2fc800 Threw 0x00000000eb30fb00 at C:\jdk7u2_64p\jdk7u21\hotspot\src\share\vm\prims\jvm.cpp:1166
Event: 347.373 Thread 0x000000000c2fc800 Threw 0x00000000eb314bc8 at C:\jdk7u2_64p\jdk7u21\hotspot\src\share\vm\prims\jvm.cpp:1166
Event: 381.534 Thread 0x000000000c2fc800 Threw 0x00000000eb3810d0 at C:\jdk7u2_64p\jdk7u21\hotspot\src\share\vm\interpreter\interpreterRuntime.cpp:347
Event: 381.535 Thread 0x000000000c2fc800 Threw 0x00000000eb382598 at C:\jdk7u2_64p\jdk7u21\hotspot\src\share\vm\interpreter\interpreterRuntime.cpp:347
Event: 381.536 Thread 0x000000000c2fc800 Threw 0x00000000eb386828 at C:\jdk7u2_64p\jdk7u21\hotspot\src\share\vm\interpreter\interpreterRuntime.cpp:347
Event: 381.536 Thread 0x000000000c2fc800 Threw 0x00000000eb387cf0 at C:\jdk7u2_64p\jdk7u21\hotspot\src\share\vm\interpreter\interpreterRuntime.cpp:347
Event: 381.538 Thread 0x000000000c2fc800 Threw 0x00000000eb38d8e0 at C:\jdk7u2_64p\jdk7u21\hotspot\src\share\vm\interpreter\interpreterRuntime.cpp:347
Event: 381.538 Thread 0x000000000c2fc800 Threw 0x00000000eb38eda8 at C:\jdk7u2_64p\jdk7u21\hotspot\src\share\vm\interpreter\interpreterRuntime.cpp:347

Events (10 events):
Event: 366.771 Executing VM operation: ForceSafepoint
Event: 366.771 Executing VM operation: ForceSafepoint done
Event: 369.771 Executing VM operation: ForceSafepoint
Event: 369.771 Executing VM operation: ForceSafepoint done
Event: 372.773 Executing VM operation: ForceSafepoint
Event: 372.773 Executing VM operation: ForceSafepoint done
Event: 375.775 Executing VM operation: ForceSafepoint
Event: 375.775 Executing VM operation: ForceSafepoint done
Event: 378.776 Executing VM operation: ForceSafepoint
Event: 378.776 Executing VM operation: ForceSafepoint done


Dynamic libraries:
0x000007f6f75a0000 - 0x000007f6f75d3000 	C:\Program Files\Java\jdk1.7.0_21\bin\java.exe
0x000007f866c90000 - 0x000007f866e50000 	C:\Windows\SYSTEM32\ntdll.dll
0x000007f8664d0000 - 0x000007f866606000 	C:\Windows\system32\KERNEL32.DLL
0x000007f863f30000 - 0x000007f864023000 	C:\Windows\system32\KERNELBASE.dll
0x000007f864660000 - 0x000007f86473e000 	C:\Windows\system32\ADVAPI32.dll
0x000007f865e50000 - 0x000007f865f9c000 	C:\Windows\system32\USER32.dll
0x000007f861190000 - 0x000007f8613fa000 	C:\Windows\WinSxS\amd64_microsoft.windows.common-controls_6595b64144ccf1df_6.0.9200.16579_none_418ab7ef718b27ef\COMCTL32.dll
0x000007f866be0000 - 0x000007f866c85000 	C:\Windows\system32\msvcrt.dll
0x000007f866b90000 - 0x000007f866bd8000 	C:\Windows\SYSTEM32\sechost.dll
0x000007f864080000 - 0x000007f8641c5000 	C:\Windows\system32\RPCRT4.dll
0x000007f8661d0000 - 0x000007f866311000 	C:\Windows\system32\GDI32.dll
0x000007f864a70000 - 0x000007f864aa9000 	C:\Windows\system32\IMM32.DLL
0x000007f864540000 - 0x000007f864656000 	C:\Windows\system32\MSCTF.dll
0x0000000058ce0000 - 0x0000000058db1000 	C:\Program Files\Java\jdk1.7.0_21\jre\bin\msvcr100.dll
0x0000000058dc0000 - 0x00000000594e1000 	C:\Program Files\Java\jdk1.7.0_21\jre\bin\server\jvm.dll
0x000007f862f50000 - 0x000007f862f59000 	C:\Windows\SYSTEM32\WSOCK32.dll
0x000007f85e360000 - 0x000007f85e380000 	C:\Windows\SYSTEM32\WINMM.dll
0x000007f8642b0000 - 0x000007f8642b7000 	C:\Windows\system32\PSAPI.DLL
0x000007f8644e0000 - 0x000007f864538000 	C:\Windows\system32\WS2_32.dll
0x000007f85e310000 - 0x000007f85e343000 	C:\Windows\SYSTEM32\WINMMBASE.dll
0x000007f866b80000 - 0x000007f866b89000 	C:\Windows\system32\NSI.dll
0x000007f864030000 - 0x000007f86407f000 	C:\Windows\SYSTEM32\cfgmgr32.dll
0x000007f863c10000 - 0x000007f863c32000 	C:\Windows\system32\DEVOBJ.dll
0x0000000058c90000 - 0x0000000058c9f000 	C:\Program Files\Java\jdk1.7.0_21\jre\bin\verify.dll
0x0000000058c60000 - 0x0000000058c88000 	C:\Program Files\Java\jdk1.7.0_21\jre\bin\java.dll
0x00000000585a0000 - 0x00000000585d5000 	C:\Program Files\Java\jdk1.7.0_21\jre\bin\jdwp.dll
0x0000000058590000 - 0x0000000058598000 	C:\Program Files\Java\jdk1.7.0_21\jre\bin\npt.dll
0x0000000058c40000 - 0x0000000058c55000 	C:\Program Files\Java\jdk1.7.0_21\jre\bin\zip.dll
0x00000000585e0000 - 0x00000000585eb000 	C:\Program Files\Java\jdk1.7.0_21\jre\bin\dt_shmem.dll
0x0000000058a60000 - 0x0000000058bf3000 	C:\Program Files\Java\jdk1.7.0_21\jre\bin\awt.dll
0x000007f8641e0000 - 0x000007f8642a3000 	C:\Windows\system32\OLEAUT32.dll
0x000007f866320000 - 0x000007f8664d0000 	C:\Windows\system32\combase.dll
0x000007f85eaa0000 - 0x000007f85eb3f000 	C:\Windows\system32\apphelp.dll
0x000007f862800000 - 0x000007f8628e6000 	C:\Windows\system32\uxtheme.dll
0x000007f8617f0000 - 0x000007f861811000 	C:\Windows\SYSTEM32\dwmapi.dll
0x000007f866660000 - 0x000007f8667de000 	C:\Windows\system32\ole32.dll
0x000007f863980000 - 0x000007f86398a000 	C:\Windows\SYSTEM32\CRYPTBASE.dll
0x000007f863920000 - 0x000007f86397c000 	C:\Windows\SYSTEM32\bcryptPrimitives.dll
0x0000000058a20000 - 0x0000000058a5e000 	C:\Program Files\Java\jdk1.7.0_21\jre\bin\fontmanager.dll
0x000007f864ab0000 - 0x000007f865d90000 	C:\Windows\system32\SHELL32.dll
0x000007f866610000 - 0x000007f866660000 	C:\Windows\system32\SHLWAPI.dll
0x000007f862dd0000 - 0x000007f862e66000 	C:\Windows\SYSTEM32\shcore.dll
0x0000000058c20000 - 0x0000000058c39000 	C:\Program Files\Java\jdk1.7.0_21\jre\bin\net.dll
0x000007f863390000 - 0x000007f8633ec000 	C:\Windows\system32\mswsock.dll
0x0000000058c00000 - 0x0000000058c11000 	C:\Program Files\Java\jdk1.7.0_21\jre\bin\nio.dll
0x00000000589d0000 - 0x0000000058a11000 	C:\Program Files\Java\jdk1.7.0_21\jre\bin\t2k.dll
0x0000000058990000 - 0x00000000589ba000 	C:\Program Files\Java\jdk1.7.0_21\jre\bin\dcpr.dll
0x00000000584b0000 - 0x00000000584d4000 	C:\Program Files\Java\jdk1.7.0_21\jre\bin\sunec.dll
0x000007f85dcd0000 - 0x000007f85dce4000 	C:\Windows\system32\napinsp.dll
0x000007f85dcf0000 - 0x000007f85dd08000 	C:\Windows\system32\pnrpnsp.dll
0x000007f8622a0000 - 0x000007f8622b6000 	C:\Windows\system32\NLAapi.dll
0x000007f8631d0000 - 0x000007f863268000 	C:\Windows\SYSTEM32\DNSAPI.dll
0x000007f85dd10000 - 0x000007f85dd22000 	C:\Windows\System32\winrnr.dll
0x000007f85ddf0000 - 0x000007f85ddf8000 	C:\Windows\System32\rasadhlp.dll
0x000007f8616d0000 - 0x000007f8616fa000 	C:\Windows\SYSTEM32\IPHLPAPI.DLL
0x000007f8616b0000 - 0x000007f8616ba000 	C:\Windows\SYSTEM32\WINNSI.DLL
0x000007f8614c0000 - 0x000007f861521000 	C:\Windows\System32\fwpuclnt.dll
0x000007f856880000 - 0x000007f8569e3000 	C:\Windows\SYSTEM32\dbghelp.dll

VM Arguments:
jvm_args: -Xdebug -Xrunjdwp:transport=dt_shmem,address=javadebug -Dfile.encoding=UTF-8 
java_command: br.com.atsinformatica.midler.Main
Launcher Type: SUN_STANDARD

Environment Variables:
JAVA_HOME=C:\Program Files\Java\jdk1.7.0_45
PATH=C:\Program Files\ImageMagick-6.8.7-Q16;C:\Program Files\Java\jdk1.7.0_45\bin;c:\ant\bin;C:\Program Files\TortoiseGit\bin;C:\Ruby193\bin
USERNAME=AlexsanderPimenta
OS=Windows_NT
PROCESSOR_IDENTIFIER=Intel64 Family 6 Model 58 Stepping 9, GenuineIntel



---------------  S Y S T E M  ---------------

OS: Windows 8 , 64 bit Build 9200 

CPU:total 8 (4 cores per cpu, 2 threads per core) family 6 model 58 stepping 9, cmov, cx8, fxsr, mmx, sse, sse2, sse3, ssse3, sse4.1, sse4.2, popcnt, avx, ht, tsc, tscinvbit, tscinv

Memory: 4k page, physical 4110944k(1508548k free), swap 5618272k(1853616k free)

vm_info: Java HotSpot(TM) 64-Bit Server VM (23.21-b01) for windows-amd64 JRE (1.7.0_21-b11), built on Apr  4 2013 08:11:28 by "java_re" with unknown MS VC++:1600

time: Fri Jan 31 11:47:03 2014
elapsed time: 381 seconds

