#
# A fatal error has been detected by the Java Runtime Environment:
#
#  EXCEPTION_ACCESS_VIOLATION (0xc0000005) at pc=0x000000006ad06859, pid=7332, tid=6236
#
# JRE version: 7.0_21-b11
# Java VM: Java HotSpot(TM) 64-Bit Server VM (23.21-b01 mixed mode windows-amd64 compressed oops)
# Problematic frame:
# V  [jvm.dll+0x36859]
#
# Failed to write core dump. Minidumps are not enabled by default on client versions of Windows
#
# If you would like to submit a bug report, please visit:
#   http://bugreport.sun.com/bugreport/crash.jsp
#

---------------  T H R E A D  ---------------

Current thread (0x0000000008bda000):  JavaThread "JDWP Transport Listener: dt_shmem" daemon [_thread_in_vm, id=6236, stack(0x000000000ade0000,0x000000000aee0000)]

siginfo: ExceptionCode=0xc0000005, reading address 0xffffffffffffffff

Registers:
RAX=0xfefefefefefefefe, RBX=0x0000000008bda000, RCX=0xbcd7c080bc40f100, RDX=0x00000000bc2168a8
RSP=0x000000000aedf1e8, RBP=0x000000000231a660, RSI=0x000000000aedf2a8, RDI=0xbcd7c080bc40f100
R8 =0x000000000aedf2a8, R9 =0x0000000000000000, R10=0x00000000bd4e8a68, R11=0x000000006a4df590
R12=0x000000006a4d72b8, R13=0x000000006a4d729c, R14=0x000000006a4da4e0, R15=0x000000006a4d72b8
RIP=0x000000006ad06859, EFLAGS=0x0000000000010202

Top of Stack: (sp=0x000000000aedf1e8)
0x000000000aedf1e8:   000000006af8603a 000000000bcb1a10
0x000000000aedf1f8:   0000000008bda000 0000000008bda000
0x000000000aedf208:   000000006adcb589 0000000008bda000
0x000000000aedf218:   0000000000000000 0000000000000000
0x000000000aedf228:   0000000000000000 000000000bcb1a18
0x000000000aedf238:   000000006a4d15dd 000000000bcad550
0x000000000aedf248:   000000006a4dc5e8 000000006a4dc5e8
0x000000000aedf258:   0000000008bda1d8 000000006a4d72b8
0x000000000aedf268:   000000006adcbb6d 0000000008bda000
0x000000000aedf278:   0000000000000000 00000000bd4e8a68
0x000000000aedf288:   0000000000000052 000000000bcb1a18
0x000000000aedf298:   000000006a4d3b02 0000000008bda1d8
0x000000000aedf2a8:   000000006a4dc500 000000000aedf450
0x000000000aedf2b8:   000000000bcb1a18 000000006a4dc5e8
0x000000000aedf2c8:   000000000bcb0788 000000000bcb0788
0x000000000aedf2d8:   000000006a4d557f 000000000bcb1a18 

Instructions: (pc=0x000000006ad06859)
0x000000006ad06839:   c4 20 5b c3 c7 43 18 00 00 00 00 48 8b c3 48 83
0x000000006ad06849:   c4 20 5b c3 cc cc cc 80 3d 21 75 67 00 00 74 15
0x000000006ad06859:   8b 41 08 8b 0d b6 5c 62 00 48 d3 e0 48 03 05 a4
0x000000006ad06869:   5c 62 00 eb 04 48 8b 41 08 8b 4a 1c 4c 8d 40 10 


Register to memory mapping:

RAX=0xfefefefefefefefe is an unknown value
RBX=0x0000000008bda000 is a thread
RCX=0xbcd7c080bc40f100 is an unknown value
RDX=0x00000000bc2168a8 is an oop
{instance class} 
 - klass: {other class}
RSP=0x000000000aedf1e8 is pointing into the stack for thread: 0x0000000008bda000
RBP=0x000000000231a660 is an unknown value
RSI=0x000000000aedf2a8 is pointing into the stack for thread: 0x0000000008bda000
RDI=0xbcd7c080bc40f100 is an unknown value
R8 =0x000000000aedf2a8 is pointing into the stack for thread: 0x0000000008bda000
R9 =0x0000000000000000 is an unknown value
R10=0x00000000bd4e8a68 is an oop
{instance class} 
 - klass: {other class}
R11=0x000000006a4df590 is an unknown value
R12=0x000000006a4d72b8 is an unknown value
R13=0x000000006a4d729c is an unknown value
R14=0x000000006a4da4e0 is an unknown value
R15=0x000000006a4d72b8 is an unknown value


Stack: [0x000000000ade0000,0x000000000aee0000],  sp=0x000000000aedf1e8,  free space=1020k
Native frames: (J=compiled Java code, j=interpreted, Vv=VM code, C=native code)
V  [jvm.dll+0x36859]


---------------  P R O C E S S  ---------------

Java Threads: ( => current thread )
  0x000000000d5b9800 JavaThread "Thread-4" [_thread_blocked, id=7096, stack(0x000000000e8b0000,0x000000000e9b0000)]
  0x000000000d130800 JavaThread "Thread-3" [_thread_in_Java, id=7384, stack(0x000000000e7b0000,0x000000000e8b0000)]
  0x000000000bcc9800 JavaThread "Thread-2" [_thread_blocked, id=6876, stack(0x000000000e6b0000,0x000000000e7b0000)]
  0x000000000bd05800 JavaThread "TimerQueue" daemon [_thread_blocked, id=7720, stack(0x000000000e2b0000,0x000000000e3b0000)]
  0x000000000231d800 JavaThread "DestroyJavaVM" [_thread_blocked, id=7652, stack(0x0000000002180000,0x0000000002280000)]
  0x000000000cff4800 JavaThread "org.netbeans.modules.debugger.jpda.visual AWT Access Loop" daemon [_thread_blocked, id=768, stack(0x000000000e1b0000,0x000000000e2b0000)]
  0x000000000bbf2000 JavaThread "AWT-EventQueue-0" [_thread_blocked, id=5896, stack(0x000000000cea0000,0x000000000cfa0000)]
  0x000000000bb17800 JavaThread "AWT-Windows" daemon [_thread_in_native, id=4900, stack(0x000000000c3d0000,0x000000000c4d0000)]
  0x000000000bb16800 JavaThread "AWT-Shutdown" [_thread_blocked, id=6468, stack(0x000000000c2d0000,0x000000000c3d0000)]
  0x000000000baed800 JavaThread "Java2D Disposer" daemon [_thread_blocked, id=7728, stack(0x000000000c1d0000,0x000000000c2d0000)]
  0x0000000008bf8800 JavaThread "Service Thread" daemon [_thread_blocked, id=7900, stack(0x000000000b6e0000,0x000000000b7e0000)]
  0x0000000008bf8000 JavaThread "C2 CompilerThread1" daemon [_thread_blocked, id=5836, stack(0x000000000b5e0000,0x000000000b6e0000)]
  0x000000000b102800 JavaThread "C2 CompilerThread0" daemon [_thread_blocked, id=7452, stack(0x000000000b4e0000,0x000000000b5e0000)]
  0x0000000008be0800 JavaThread "JDWP Command Reader" daemon [_thread_in_native, id=6284, stack(0x000000000afe0000,0x000000000b0e0000)]
  0x0000000008bdc000 JavaThread "JDWP Event Helper Thread" daemon [_thread_blocked, id=7744, stack(0x000000000aee0000,0x000000000afe0000)]
=>0x0000000008bda000 JavaThread "JDWP Transport Listener: dt_shmem" daemon [_thread_in_vm, id=6236, stack(0x000000000ade0000,0x000000000aee0000)]
  0x0000000008bcb000 JavaThread "Attach Listener" daemon [_thread_blocked, id=4968, stack(0x000000000ace0000,0x000000000ade0000)]
  0x0000000008bc6000 JavaThread "Signal Dispatcher" daemon [_thread_blocked, id=7736, stack(0x000000000abe0000,0x000000000ace0000)]
  0x0000000008b62000 JavaThread "Finalizer" daemon [_thread_blocked, id=680, stack(0x000000000aae0000,0x000000000abe0000)]
  0x0000000008b5b000 JavaThread "Reference Handler" daemon [_thread_blocked, id=6356, stack(0x000000000a9e0000,0x000000000aae0000)]

Other Threads:
  0x0000000008b55000 VMThread [stack: 0x000000000a8e0000,0x000000000a9e0000] [id=6492]
  0x0000000008bee800 WatcherThread [stack: 0x000000000b7e0000,0x000000000b8e0000] [id=5856]

VM state:not at safepoint (normal execution)

VM Mutex/Monitor currently owned by a thread: None

Heap
 PSYoungGen      total 12096K, used 3276K [0x00000000eb160000, 0x00000000ed0e0000, 0x0000000100000000)
  eden space 11776K, 25% used [0x00000000eb160000,0x00000000eb44b180,0x00000000ebce0000)
  from space 320K, 90% used [0x00000000ebd10000,0x00000000ebd58000,0x00000000ebd60000)
  to   space 10240K, 0% used [0x00000000ec6e0000,0x00000000ec6e0000,0x00000000ed0e0000)
 ParOldGen       total 42880K, used 29858K [0x00000000c1400000, 0x00000000c3de0000, 0x00000000eb160000)
  object space 42880K, 69% used [0x00000000c1400000,0x00000000c3128b48,0x00000000c3de0000)
 PSPermGen       total 25280K, used 25109K [0x00000000bc200000, 0x00000000bdab0000, 0x00000000c1400000)
  object space 25280K, 99% used [0x00000000bc200000,0x00000000bda856d8,0x00000000bdab0000)

Card table byte_map: [0x0000000005420000,0x0000000005640000] byte_map_base: 0x0000000004e3f000

Polling page: 0x0000000000630000

Code Cache  [0x0000000002420000, 0x0000000002690000, 0x0000000005420000)
 total_blobs=841 nmethods=351 adapters=449 free_code_cache=47660Kb largest_free_block=48753856

Compilation events (10 events):
Event: 142.865 Thread 0x000000000b102800  348             java.lang.Class::privateGetPublicMethods (263 bytes)
Event: 142.873 Thread 0x000000000b102800 nmethod 348 0x0000000002594790 code [0x0000000002594a00, 0x0000000002595388]
Event: 153.635 Thread 0x0000000008bf8000  349             sun.reflect.generics.visitor.Reifier::make (9 bytes)
Event: 153.635 Thread 0x000000000b102800  350             sun.reflect.generics.visitor.Reifier::<init> (10 bytes)
Event: 153.635 Thread 0x000000000b102800 nmethod 350 0x00000000025966d0 code [0x0000000002596800, 0x0000000002596858]
Event: 153.635 Thread 0x000000000b102800  351             sun.reflect.generics.visitor.Reifier::getResult (26 bytes)
Event: 153.635 Thread 0x000000000b102800 nmethod 351 0x00000000025964d0 code [0x0000000002596600, 0x0000000002596658]
Event: 153.635 Thread 0x0000000008bf8000 nmethod 349 0x0000000002596210 code [0x0000000002596360, 0x0000000002596418]
Event: 153.645 Thread 0x000000000b102800  352             sun.reflect.generics.visitor.Reifier::visitClassTypeSignature (381 bytes)
Event: 153.664 Thread 0x000000000b102800 nmethod 352 0x000000000259cf10 code [0x000000000259d240, 0x000000000259f178]

GC Heap History (10 events):
Event: 133.283 GC heap before
{Heap before GC invocations=15 (full 0):
 PSYoungGen      total 25024K, used 13264K [0x00000000eb160000, 0x00000000ed6b0000, 0x0000000100000000)
  eden space 12992K, 100% used [0x00000000eb160000,0x00000000ebe10000,0x00000000ebe10000)
  from space 12032K, 2% used [0x00000000ecaf0000,0x00000000ecb34020,0x00000000ed6b0000)
  to   space 12608K, 0% used [0x00000000ebe10000,0x00000000ebe10000,0x00000000eca60000)
 ParOldGen       total 42880K, used 29194K [0x00000000c1400000, 0x00000000c3de0000, 0x00000000eb160000)
  object space 42880K, 68% used [0x00000000c1400000,0x00000000c3082ab8,0x00000000c3de0000)
 PSPermGen       total 25088K, used 25065K [0x00000000bc200000, 0x00000000bda80000, 0x00000000c1400000)
  object space 25088K, 99% used [0x00000000bc200000,0x00000000bda7a6a0,0x00000000bda80000)
Event: 133.284 GC heap after
Heap after GC invocations=15 (full 0):
 PSYoungGen      total 13120K, used 352K [0x00000000eb160000, 0x00000000ed590000, 0x0000000100000000)
  eden space 12736K, 0% used [0x00000000eb160000,0x00000000eb160000,0x00000000ebdd0000)
  from space 384K, 91% used [0x00000000ebe10000,0x00000000ebe68010,0x00000000ebe70000)
  to   space 12160K, 0% used [0x00000000ec9b0000,0x00000000ec9b0000,0x00000000ed590000)
 ParOldGen       total 42880K, used 29322K [0x00000000c1400000, 0x00000000c3de0000, 0x00000000eb160000)
  object space 42880K, 68% used [0x00000000c1400000,0x00000000c30a2ad8,0x00000000c3de0000)
 PSPermGen       total 25088K, used 25065K [0x00000000bc200000, 0x00000000bda80000, 0x00000000c1400000)
  object space 25088K, 99% used [0x00000000bc200000,0x00000000bda7a6a0,0x00000000bda80000)
}
Event: 142.500 GC heap before
{Heap before GC invocations=16 (full 0):
 PSYoungGen      total 13120K, used 13088K [0x00000000eb160000, 0x00000000ed590000, 0x0000000100000000)
  eden space 12736K, 100% used [0x00000000eb160000,0x00000000ebdd0000,0x00000000ebdd0000)
  from space 384K, 91% used [0x00000000ebe10000,0x00000000ebe68010,0x00000000ebe70000)
  to   space 12160K, 0% used [0x00000000ec9b0000,0x00000000ec9b0000,0x00000000ed590000)
 ParOldGen       total 42880K, used 29322K [0x00000000c1400000, 0x00000000c3de0000, 0x00000000eb160000)
  object space 42880K, 68% used [0x00000000c1400000,0x00000000c30a2ad8,0x00000000c3de0000)
 PSPermGen       total 25088K, used 25072K [0x00000000bc200000, 0x00000000bda80000, 0x00000000c1400000)
  object space 25088K, 99% used [0x00000000bc200000,0x00000000bda7c088,0x00000000bda80000)
Event: 142.501 GC heap after
Heap after GC invocations=16 (full 0):
 PSYoungGen      total 23488K, used 272K [0x00000000eb160000, 0x00000000ed470000, 0x0000000100000000)
  eden space 12480K, 0% used [0x00000000eb160000,0x00000000eb160000,0x00000000ebd90000)
  from space 11008K, 2% used [0x00000000ec9b0000,0x00000000ec9f4020,0x00000000ed470000)
  to   space 11712K, 0% used [0x00000000ebd90000,0x00000000ebd90000,0x00000000ec900000)
 ParOldGen       total 42880K, used 29442K [0x00000000c1400000, 0x00000000c3de0000, 0x00000000eb160000)
  object space 42880K, 68% used [0x00000000c1400000,0x00000000c30c0ae8,0x00000000c3de0000)
 PSPermGen       total 25088K, used 25072K [0x00000000bc200000, 0x00000000bda80000, 0x00000000c1400000)
  object space 25088K, 99% used [0x00000000bc200000,0x00000000bda7c088,0x00000000bda80000)
}
Event: 153.591 GC heap before
{Heap before GC invocations=17 (full 0):
 PSYoungGen      total 23488K, used 12752K [0x00000000eb160000, 0x00000000ed470000, 0x0000000100000000)
  eden space 12480K, 100% used [0x00000000eb160000,0x00000000ebd90000,0x00000000ebd90000)
  from space 11008K, 2% used [0x00000000ec9b0000,0x00000000ec9f4020,0x00000000ed470000)
  to   space 11712K, 0% used [0x00000000ebd90000,0x00000000ebd90000,0x00000000ec900000)
 ParOldGen       total 42880K, used 29442K [0x00000000c1400000, 0x00000000c3de0000, 0x00000000eb160000)
  object space 42880K, 68% used [0x00000000c1400000,0x00000000c30c0ae8,0x00000000c3de0000)
 PSPermGen       total 25088K, used 25073K [0x00000000bc200000, 0x00000000bda80000, 0x00000000c1400000)
  object space 25088K, 99% used [0x00000000bc200000,0x00000000bda7c450,0x00000000bda80000)
Event: 153.592 GC heap after
Heap after GC invocations=17 (full 0):
 PSYoungGen      total 12608K, used 368K [0x00000000eb160000, 0x00000000ed350000, 0x0000000100000000)
  eden space 12224K, 0% used [0x00000000eb160000,0x00000000eb160000,0x00000000ebd50000)
  from space 384K, 95% used [0x00000000ebd90000,0x00000000ebdec020,0x00000000ebdf0000)
  to   space 11264K, 0% used [0x00000000ec850000,0x00000000ec850000,0x00000000ed350000)
 ParOldGen       total 42880K, used 29570K [0x00000000c1400000, 0x00000000c3de0000, 0x00000000eb160000)
  object space 42880K, 68% used [0x00000000c1400000,0x00000000c30e0af8,0x00000000c3de0000)
 PSPermGen       total 25088K, used 25073K [0x00000000bc200000, 0x00000000bda80000, 0x00000000c1400000)
  object space 25088K, 99% used [0x00000000bc200000,0x00000000bda7c450,0x00000000bda80000)
}
Event: 161.041 GC heap before
{Heap before GC invocations=18 (full 0):
 PSYoungGen      total 12608K, used 12592K [0x00000000eb160000, 0x00000000ed350000, 0x0000000100000000)
  eden space 12224K, 100% used [0x00000000eb160000,0x00000000ebd50000,0x00000000ebd50000)
  from space 384K, 95% used [0x00000000ebd90000,0x00000000ebdec020,0x00000000ebdf0000)
  to   space 11264K, 0% used [0x00000000ec850000,0x00000000ec850000,0x00000000ed350000)
 ParOldGen       total 42880K, used 29570K [0x00000000c1400000, 0x00000000c3de0000, 0x00000000eb160000)
  object space 42880K, 68% used [0x00000000c1400000,0x00000000c30e0af8,0x00000000c3de0000)
 PSPermGen       total 25088K, used 25087K [0x00000000bc200000, 0x00000000bda80000, 0x00000000c1400000)
  object space 25088K, 99% used [0x00000000bc200000,0x00000000bda7fcd0,0x00000000bda80000)
Event: 161.043 GC heap after
Heap after GC invocations=18 (full 0):
 PSYoungGen      total 21952K, used 496K [0x00000000eb160000, 0x00000000ed210000, 0x0000000100000000)
  eden space 11968K, 0% used [0x00000000eb160000,0x00000000eb160000,0x00000000ebd10000)
  from space 9984K, 4% used [0x00000000ec850000,0x00000000ec8cc020,0x00000000ed210000)
  to   space 10752K, 0% used [0x00000000ebd10000,0x00000000ebd10000,0x00000000ec790000)
 ParOldGen       total 42880K, used 29698K [0x00000000c1400000, 0x00000000c3de0000, 0x00000000eb160000)
  object space 42880K, 69% used [0x00000000c1400000,0x00000000c3100b08,0x00000000c3de0000)
 PSPermGen       total 25088K, used 25087K [0x00000000bc200000, 0x00000000bda80000, 0x00000000c1400000)
  object space 25088K, 99% used [0x00000000bc200000,0x00000000bda7fcd0,0x00000000bda80000)
}
Event: 162.183 GC heap before
{Heap before GC invocations=19 (full 0):
 PSYoungGen      total 21952K, used 12464K [0x00000000eb160000, 0x00000000ed210000, 0x0000000100000000)
  eden space 11968K, 100% used [0x00000000eb160000,0x00000000ebd10000,0x00000000ebd10000)
  from space 9984K, 4% used [0x00000000ec850000,0x00000000ec8cc020,0x00000000ed210000)
  to   space 10752K, 0% used [0x00000000ebd10000,0x00000000ebd10000,0x00000000ec790000)
 ParOldGen       total 42880K, used 29698K [0x00000000c1400000, 0x00000000c3de0000, 0x00000000eb160000)
  object space 42880K, 69% used [0x00000000c1400000,0x00000000c3100b08,0x00000000c3de0000)
 PSPermGen       total 25280K, used 25096K [0x00000000bc200000, 0x00000000bdab0000, 0x00000000c1400000)
  object space 25280K, 99% used [0x00000000bc200000,0x00000000bda82060,0x00000000bdab0000)
Event: 162.184 GC heap after
Heap after GC invocations=19 (full 0):
 PSYoungGen      total 12096K, used 288K [0x00000000eb160000, 0x00000000ed0e0000, 0x0000000100000000)
  eden space 11776K, 0% used [0x00000000eb160000,0x00000000eb160000,0x00000000ebce0000)
  from space 320K, 90% used [0x00000000ebd10000,0x00000000ebd58000,0x00000000ebd60000)
  to   space 10240K, 0% used [0x00000000ec6e0000,0x00000000ec6e0000,0x00000000ed0e0000)
 ParOldGen       total 42880K, used 29858K [0x00000000c1400000, 0x00000000c3de0000, 0x00000000eb160000)
  object space 42880K, 69% used [0x00000000c1400000,0x00000000c3128b48,0x00000000c3de0000)
 PSPermGen       total 25280K, used 25096K [0x00000000bc200000, 0x00000000bdab0000, 0x00000000c1400000)
  object space 25280K, 99% used [0x00000000bc200000,0x00000000bda82060,0x00000000bdab0000)
}

Deoptimization events (10 events):
Event: 8.878 Thread 0x000000000bbf2000 Uncommon trap -34 fr.pc 0x00000000024c6b64
Event: 8.878 Thread 0x000000000bbf2000 Uncommon trap -34 fr.pc 0x00000000024c6b64
Event: 8.878 Thread 0x000000000bbf2000 Uncommon trap -34 fr.pc 0x00000000024c6b64
Event: 8.878 Thread 0x000000000bbf2000 Uncommon trap -34 fr.pc 0x00000000024c6b64
Event: 8.931 Thread 0x000000000bbf2000 Uncommon trap -83 fr.pc 0x00000000024d1e9c
Event: 9.007 Thread 0x000000000bbf2000 Uncommon trap -58 fr.pc 0x00000000024c2bc4
Event: 9.007 Thread 0x000000000bbf2000 Uncommon trap -58 fr.pc 0x00000000024c2bc4
Event: 9.007 Thread 0x000000000bbf2000 Uncommon trap -58 fr.pc 0x00000000024c2bc4
Event: 9.015 Thread 0x000000000bbf2000 Uncommon trap -58 fr.pc 0x00000000024c2bc4
Event: 9.043 Thread 0x000000000bbf2000 Uncommon trap 198 fr.pc 0x00000000024eedcc

Internal exceptions (10 events):
Event: 162.242 Thread 0x000000000bbf2000 Threw 0x00000000eb23e6e0 at C:\jdk7u2_64p\jdk7u21\hotspot\src\share\vm\interpreter\interpreterRuntime.cpp:347
Event: 162.251 Thread 0x000000000bbf2000 Threw 0x00000000eb261dc8 at C:\jdk7u2_64p\jdk7u21\hotspot\src\share\vm\interpreter\interpreterRuntime.cpp:347
Event: 162.251 Thread 0x000000000bbf2000 Threw 0x00000000eb263290 at C:\jdk7u2_64p\jdk7u21\hotspot\src\share\vm\interpreter\interpreterRuntime.cpp:347
Event: 162.253 Thread 0x000000000bbf2000 Threw 0x00000000eb268850 at C:\jdk7u2_64p\jdk7u21\hotspot\src\share\vm\interpreter\interpreterRuntime.cpp:347
Event: 162.254 Thread 0x000000000bbf2000 Threw 0x00000000eb26b790 at C:\jdk7u2_64p\jdk7u21\hotspot\src\share\vm\interpreter\interpreterRuntime.cpp:347
Event: 162.258 Thread 0x000000000bbf2000 Threw 0x00000000eb27fb68 at C:\jdk7u2_64p\jdk7u21\hotspot\src\share\vm\interpreter\interpreterRuntime.cpp:347
Event: 162.259 Thread 0x000000000bbf2000 Threw 0x00000000eb282998 at C:\jdk7u2_64p\jdk7u21\hotspot\src\share\vm\interpreter\interpreterRuntime.cpp:347
Event: 178.618 Thread 0x000000000bbf2000 Threw 0x00000000eb2e6e60 at C:\jdk7u2_64p\jdk7u21\hotspot\src\share\vm\prims\jvm.cpp:1166
Event: 180.793 Thread 0x000000000bbf2000 Threw 0x00000000eb2f2c88 at C:\jdk7u2_64p\jdk7u21\hotspot\src\share\vm\prims\jvm.cpp:1166
Event: 197.789 Thread 0x000000000bbf2000 Threw 0x00000000eb3b6f00 at C:\jdk7u2_64p\jdk7u21\hotspot\src\share\vm\prims\jvm.cpp:1166

Events (10 events):
Event: 439.088 Executing VM operation: ChangeSingleStep
Event: 439.088 Executing VM operation: ChangeSingleStep done
Event: 474.304 Executing VM operation: GetOrSetLocal
Event: 474.304 Executing VM operation: GetOrSetLocal done
Event: 476.177 Executing VM operation: GetOrSetLocal
Event: 476.177 Executing VM operation: GetOrSetLocal done
Event: 498.023 Executing VM operation: RevokeBias
Event: 498.023 Executing VM operation: RevokeBias done
Event: 498.023 Executing VM operation: RevokeBias
Event: 498.023 Executing VM operation: RevokeBias done


Dynamic libraries:
0x000007f78f4f0000 - 0x000007f78f523000 	C:\Program Files\Java\jdk1.7.0_21\bin\java.exe
0x000007fbb9c90000 - 0x000007fbb9e50000 	C:\Windows\SYSTEM32\ntdll.dll
0x000007fbb7e00000 - 0x000007fbb7f36000 	C:\Windows\system32\KERNEL32.DLL
0x000007fbb6ed0000 - 0x000007fbb6fc3000 	C:\Windows\system32\KERNELBASE.dll
0x000007fbb7120000 - 0x000007fbb71fe000 	C:\Windows\system32\ADVAPI32.dll
0x000007fbb9870000 - 0x000007fbb99bc000 	C:\Windows\system32\USER32.dll
0x000007fbb44b0000 - 0x000007fbb471a000 	C:\Windows\WinSxS\amd64_microsoft.windows.common-controls_6595b64144ccf1df_6.0.9200.16579_none_418ab7ef718b27ef\COMCTL32.dll
0x000007fbb7bb0000 - 0x000007fbb7c55000 	C:\Windows\system32\msvcrt.dll
0x000007fbb7760000 - 0x000007fbb77a8000 	C:\Windows\SYSTEM32\sechost.dll
0x000007fbb96b0000 - 0x000007fbb97f5000 	C:\Windows\system32\RPCRT4.dll
0x000007fbb99c0000 - 0x000007fbb9b01000 	C:\Windows\system32\GDI32.dll
0x000007fbb73d0000 - 0x000007fbb7409000 	C:\Windows\system32\IMM32.DLL
0x000007fbb94b0000 - 0x000007fbb95c6000 	C:\Windows\system32\MSCTF.dll
0x000000006abf0000 - 0x000000006acc1000 	C:\Program Files\Java\jdk1.7.0_21\jre\bin\msvcr100.dll
0x000000006acd0000 - 0x000000006b3f1000 	C:\Program Files\Java\jdk1.7.0_21\jre\bin\server\jvm.dll
0x000007fbb6390000 - 0x000007fbb6399000 	C:\Windows\SYSTEM32\WSOCK32.dll
0x000007fbb0fd0000 - 0x000007fbb0ff0000 	C:\Windows\SYSTEM32\WINMM.dll
0x000007fbb73c0000 - 0x000007fbb73c7000 	C:\Windows\system32\PSAPI.DLL
0x000007fbb95d0000 - 0x000007fbb9628000 	C:\Windows\system32\WS2_32.dll
0x000007fbb0e90000 - 0x000007fbb0ec3000 	C:\Windows\SYSTEM32\WINMMBASE.dll
0x000007fbb9630000 - 0x000007fbb9639000 	C:\Windows\system32\NSI.dll
0x000007fbb6c10000 - 0x000007fbb6c5f000 	C:\Windows\SYSTEM32\cfgmgr32.dll
0x000007fbb6c60000 - 0x000007fbb6c82000 	C:\Windows\system32\DEVOBJ.dll
0x000000006aba0000 - 0x000000006abaf000 	C:\Program Files\Java\jdk1.7.0_21\jre\bin\verify.dll
0x000000006ab70000 - 0x000000006ab98000 	C:\Program Files\Java\jdk1.7.0_21\jre\bin\java.dll
0x000000006a4b0000 - 0x000000006a4e5000 	C:\Program Files\Java\jdk1.7.0_21\jre\bin\jdwp.dll
0x000000006a4a0000 - 0x000000006a4a8000 	C:\Program Files\Java\jdk1.7.0_21\jre\bin\npt.dll
0x000000006ab50000 - 0x000000006ab65000 	C:\Program Files\Java\jdk1.7.0_21\jre\bin\zip.dll
0x000000006a4f0000 - 0x000000006a4fb000 	C:\Program Files\Java\jdk1.7.0_21\jre\bin\dt_shmem.dll
0x000000006a970000 - 0x000000006ab03000 	C:\Program Files\Java\jdk1.7.0_21\jre\bin\awt.dll
0x000007fbb75e0000 - 0x000007fbb76a3000 	C:\Windows\system32\OLEAUT32.dll
0x000007fbb7210000 - 0x000007fbb73c0000 	C:\Windows\system32\combase.dll
0x000007fbb1f90000 - 0x000007fbb202f000 	C:\Windows\system32\apphelp.dll
0x000007fbb5800000 - 0x000007fbb58e6000 	C:\Windows\system32\uxtheme.dll
0x000007fbb47f0000 - 0x000007fbb4811000 	C:\Windows\SYSTEM32\dwmapi.dll
0x000007fbb9b10000 - 0x000007fbb9c8e000 	C:\Windows\system32\ole32.dll
0x000007fbb6980000 - 0x000007fbb698a000 	C:\Windows\SYSTEM32\CRYPTBASE.dll
0x000007fbb6920000 - 0x000007fbb697c000 	C:\Windows\SYSTEM32\bcryptPrimitives.dll
0x000000006a930000 - 0x000000006a96e000 	C:\Program Files\Java\jdk1.7.0_21\jre\bin\fontmanager.dll
0x000007fbb81d0000 - 0x000007fbb94af000 	C:\Windows\system32\SHELL32.dll
0x000007fbb9800000 - 0x000007fbb9850000 	C:\Windows\system32\SHLWAPI.dll
0x000007fbb5d60000 - 0x000007fbb5df5000 	C:\Windows\SYSTEM32\shcore.dll
0x000000006ab30000 - 0x000000006ab49000 	C:\Program Files\Java\jdk1.7.0_21\jre\bin\net.dll
0x000007fbb6330000 - 0x000007fbb638c000 	C:\Windows\system32\mswsock.dll
0x000000006ab10000 - 0x000000006ab21000 	C:\Program Files\Java\jdk1.7.0_21\jre\bin\nio.dll
0x000007fbb7080000 - 0x000007fbb7116000 	C:\Windows\SYSTEM32\clbcatq.dll
0x000007fbb4310000 - 0x000007fbb44a3000 	C:\Windows\SYSTEM32\WindowsCodecs.dll
0x000007fbb6b40000 - 0x000007fbb6b55000 	C:\Windows\SYSTEM32\profapi.dll
0x000000006a8e0000 - 0x000000006a921000 	C:\Program Files\Java\jdk1.7.0_21\jre\bin\t2k.dll
0x000000006a8a0000 - 0x000000006a8ca000 	C:\Program Files\Java\jdk1.7.0_21\jre\bin\dcpr.dll
0x000000006a3c0000 - 0x000000006a3e4000 	C:\Program Files\Java\jdk1.7.0_21\jre\bin\sunec.dll
0x000007fbb0ce0000 - 0x000007fbb0cf4000 	C:\Windows\system32\napinsp.dll
0x000007fbb0d00000 - 0x000007fbb0d18000 	C:\Windows\system32\pnrpnsp.dll
0x000007fbb4e90000 - 0x000007fbb4ea6000 	C:\Windows\system32\NLAapi.dll
0x000007fbb60a0000 - 0x000007fbb6138000 	C:\Windows\SYSTEM32\DNSAPI.dll
0x000007fbb0d20000 - 0x000007fbb0d32000 	C:\Windows\System32\winrnr.dll
0x000007fbb0e30000 - 0x000007fbb0e38000 	C:\Windows\System32\rasadhlp.dll
0x000007fbb4210000 - 0x000007fbb423a000 	C:\Windows\SYSTEM32\IPHLPAPI.DLL
0x000007fbb3fc0000 - 0x000007fbb3fca000 	C:\Windows\SYSTEM32\WINNSI.DLL
0x000007fbb3410000 - 0x000007fbb3471000 	C:\Windows\System32\fwpuclnt.dll
0x000007fbb1c20000 - 0x000007fbb1d83000 	C:\Windows\SYSTEM32\dbghelp.dll

VM Arguments:
jvm_args: -Xdebug -Xrunjdwp:transport=dt_shmem,address=javadebug -Dfile.encoding=UTF-8 
java_command: br.com.atsinformatica.midler.Main
Launcher Type: SUN_STANDARD

Environment Variables:
JAVA_HOME=C:\Program Files\Java\jdk1.7.0_45
PATH=C:\Program Files\ImageMagick-6.8.7-Q16;C:\Program Files\Java\jdk1.7.0_45\bin;c:\ant\bin;C:\Program Files\TortoiseGit\bin;C:\Program Files (x86)\cURL\bin;C:\Ruby193\bin
USERNAME=AlexsanderPimenta
OS=Windows_NT
PROCESSOR_IDENTIFIER=Intel64 Family 6 Model 58 Stepping 9, GenuineIntel



---------------  S Y S T E M  ---------------

OS: Windows 8 , 64 bit Build 9200 

CPU:total 8 (4 cores per cpu, 2 threads per core) family 6 model 58 stepping 9, cmov, cx8, fxsr, mmx, sse, sse2, sse3, ssse3, sse4.1, sse4.2, popcnt, avx, ht, tsc, tscinvbit, tscinv

Memory: 4k page, physical 4110944k(927108k free), swap 7387744k(2899496k free)

vm_info: Java HotSpot(TM) 64-Bit Server VM (23.21-b01) for windows-amd64 JRE (1.7.0_21-b11), built on Apr  4 2013 08:11:28 by "java_re" with unknown MS VC++:1600

time: Mon Apr 14 11:50:09 2014
elapsed time: 498 seconds

