#
# A fatal error has been detected by the Java Runtime Environment:
#
#  EXCEPTION_ACCESS_VIOLATION (0xc0000005) at pc=0x000000006adcbb20, pid=5132, tid=7792
#
# JRE version: 7.0_21-b11
# Java VM: Java HotSpot(TM) 64-Bit Server VM (23.21-b01 mixed mode windows-amd64 compressed oops)
# Problematic frame:
# V  [jvm.dll+0xfbb20]
#
# Failed to write core dump. Minidumps are not enabled by default on client versions of Windows
#
# If you would like to submit a bug report, please visit:
#   http://bugreport.sun.com/bugreport/crash.jsp
#

---------------  T H R E A D  ---------------

Current thread (0x00000000095ca800):  JavaThread "JDWP Transport Listener: dt_shmem" daemon [_thread_in_vm, id=7792, stack(0x000000000b7f0000,0x000000000b8f0000)]

siginfo: ExceptionCode=0xc0000005, reading address 0x000000007f614d34

Registers:
RAX=0x0000000000000040, RBX=0x00000000095ca800, RCX=0x0000000000000040, RDX=0x00000000bc20b8d0
RSP=0x000000000b8ef850, RBP=0x000000000941ab68, RSI=0x000000000c4ac4e8, RDI=0x000000000c4ac400
R8 =0x000000007f614d04, R9 =0x0000000000000000, R10=0x00000000bd4e5888, R11=0x00000000000003f9
R12=0x000000006a4d72b8, R13=0x000000006a4d729c, R14=0x000000006a4da4e0, R15=0x000000006a4d72b8
RIP=0x000000006adcbb20, EFLAGS=0x0000000000010202

Top of Stack: (sp=0x000000000b8ef850)
0x000000000b8ef850:   00000000095ca800 000000000da161b0
0x000000000b8ef860:   00000000bd4e5888 0000000000000052
0x000000000b8ef870:   000000000c4ac4e8 000000006a4d395a
0x000000000b8ef880:   00000000095ca9d8 000000006a4dc5e8
0x000000000b8ef890:   000000000b8efa30 0000000000000000
0x000000000b8ef8a0:   000000006a4dc5e8 000000000da161b0
0x000000000b8ef8b0:   000000000da161b0 000000006a4d557f
0x000000000b8ef8c0:   000000000c4ac4e8 0000000000000052
0x000000000b8ef8d0:   00000000095ca9d8 000000000da161b0
0x000000000b8ef8e0:   0000000000000000 000000006a4c69da
0x000000000b8ef8f0:   0000000000000000 0000000000000000
0x000000000b8ef900:   000000000b8efa30 0000000000000000
0x000000000b8ef910:   000000000b8efa00 000000006a4d5b5f
0x000000000b8ef920:   000000000c92b8c0 00000000095ca9d8
0x000000000b8ef930:   0000000000000001 0000000000000000
0x000000000b8ef940:   0000000000000000 0000000000000000 

Instructions: (pc=0x000000006adcbb20)
0x000000006adcbb00:   08 8b 0d 11 0a 56 00 48 d3 e0 48 03 05 ff 09 56
0x000000006adcbb10:   00 eb 04 48 8b 40 08 8b 4a 1c 4c 8d 40 10 8b c1
0x000000006adcbb20:   4a 39 54 01 f0 75 04 b0 01 eb 11 83 f9 28 74 04
0x000000006adcbb30:   32 c0 eb 08 49 8b c8 e8 14 2e fe ff 84 c0 40 0f 


Register to memory mapping:

RAX=0x0000000000000040 is an unknown value
RBX=0x00000000095ca800 is a thread
RCX=0x0000000000000040 is an unknown value
RDX=0x00000000bc20b8d0 is an oop
{instance class} 
 - klass: {other class}
RSP=0x000000000b8ef850 is pointing into the stack for thread: 0x00000000095ca800
RBP=0x000000000941ab68 is a global jni handle
RSI=0x000000000c4ac4e8 is an unknown value
RDI=0x000000000c4ac400 is an unknown value
R8 =0x000000007f614d04 is an unknown value
R9 =0x0000000000000000 is an unknown value
R10=0x00000000bd4e5888 is an oop
{instance class} 
 - klass: {other class}
R11=0x00000000000003f9 is an unknown value
R12=0x000000006a4d72b8 is an unknown value
R13=0x000000006a4d729c is an unknown value
R14=0x000000006a4da4e0 is an unknown value
R15=0x000000006a4d72b8 is an unknown value


Stack: [0x000000000b7f0000,0x000000000b8f0000],  sp=0x000000000b8ef850,  free space=1022k
Native frames: (J=compiled Java code, j=interpreted, Vv=VM code, C=native code)
V  [jvm.dll+0xfbb20]


---------------  P R O C E S S  ---------------

Java Threads: ( => current thread )
  0x000000000dc2f800 JavaThread "Thread-4" [_thread_blocked, id=6680, stack(0x000000000f270000,0x000000000f370000)]
  0x000000000cacd800 JavaThread "Thread-3" [_thread_in_vm, id=7936, stack(0x000000000f170000,0x000000000f270000)]
  0x000000000df15800 JavaThread "Thread-2" [_thread_blocked, id=5940, stack(0x000000000f070000,0x000000000f170000)]
  0x000000000c9d9800 JavaThread "TimerQueue" daemon [_thread_blocked, id=5428, stack(0x000000000ed60000,0x000000000ee60000)]
  0x0000000002add800 JavaThread "DestroyJavaVM" [_thread_blocked, id=7472, stack(0x0000000002ae0000,0x0000000002be0000)]
  0x000000000c96d000 JavaThread "org.netbeans.modules.debugger.jpda.visual AWT Access Loop" daemon [_thread_blocked, id=5520, stack(0x000000000ec60000,0x000000000ed60000)]
  0x000000000c927800 JavaThread "AWT-EventQueue-0" [_thread_in_vm, id=3752, stack(0x000000000d8e0000,0x000000000d9e0000)]
  0x000000000bed7800 JavaThread "AWT-Windows" daemon [_thread_in_native, id=5660, stack(0x000000000cde0000,0x000000000cee0000)]
  0x000000000bed6800 JavaThread "AWT-Shutdown" [_thread_blocked, id=5084, stack(0x000000000cce0000,0x000000000cde0000)]
  0x000000000bed1800 JavaThread "Java2D Disposer" daemon [_thread_blocked, id=8188, stack(0x000000000cbe0000,0x000000000cce0000)]
  0x00000000095e7000 JavaThread "Service Thread" daemon [_thread_blocked, id=2620, stack(0x000000000c0f0000,0x000000000c1f0000)]
  0x00000000095e4000 JavaThread "C2 CompilerThread1" daemon [_thread_blocked, id=8180, stack(0x000000000bff0000,0x000000000c0f0000)]
  0x000000000bb12800 JavaThread "C2 CompilerThread0" daemon [_thread_blocked, id=6116, stack(0x000000000bef0000,0x000000000bff0000)]
  0x00000000095cf000 JavaThread "JDWP Command Reader" daemon [_thread_in_native, id=7752, stack(0x000000000b9f0000,0x000000000baf0000)]
  0x00000000095cc000 JavaThread "JDWP Event Helper Thread" daemon [_thread_blocked, id=6788, stack(0x000000000b8f0000,0x000000000b9f0000)]
=>0x00000000095ca800 JavaThread "JDWP Transport Listener: dt_shmem" daemon [_thread_in_vm, id=7792, stack(0x000000000b7f0000,0x000000000b8f0000)]
  0x00000000095ba800 JavaThread "Attach Listener" daemon [_thread_blocked, id=4948, stack(0x000000000b6d0000,0x000000000b7d0000)]
  0x00000000095b5800 JavaThread "Signal Dispatcher" daemon [_thread_blocked, id=228, stack(0x000000000b5d0000,0x000000000b6d0000)]
  0x0000000009551000 JavaThread "Finalizer" daemon [_thread_blocked, id=6976, stack(0x000000000b4d0000,0x000000000b5d0000)]
  0x000000000954a000 JavaThread "Reference Handler" daemon [_thread_blocked, id=5700, stack(0x000000000b3d0000,0x000000000b4d0000)]

Other Threads:
  0x0000000009543800 VMThread [stack: 0x000000000b2d0000,0x000000000b3d0000] [id=7644]
  0x00000000095ed800 WatcherThread [stack: 0x000000000c1f0000,0x000000000c2f0000] [id=7224]

VM state:not at safepoint (normal execution)

VM Mutex/Monitor currently owned by a thread: None

Heap
 PSYoungGen      total 15872K, used 7969K [0x00000000eb160000, 0x00000000eda50000, 0x0000000100000000)
  eden space 14400K, 45% used [0x00000000eb160000,0x00000000eb7c0140,0x00000000ebf70000)
  from space 1472K, 97% used [0x00000000ebfc0000,0x00000000ec128338,0x00000000ec130000)
  to   space 13760K, 0% used [0x00000000ecce0000,0x00000000ecce0000,0x00000000eda50000)
 ParOldGen       total 42880K, used 28064K [0x00000000c1400000, 0x00000000c3de0000, 0x00000000eb160000)
  object space 42880K, 65% used [0x00000000c1400000,0x00000000c2f680c0,0x00000000c3de0000)
 PSPermGen       total 25088K, used 25005K [0x00000000bc200000, 0x00000000bda80000, 0x00000000c1400000)
  object space 25088K, 99% used [0x00000000bc200000,0x00000000bda6b7e8,0x00000000bda80000)

Card table byte_map: [0x0000000005de0000,0x0000000006000000] byte_map_base: 0x00000000057ff000

Polling page: 0x0000000002bf0000

Code Cache  [0x0000000002d20000, 0x0000000002f90000, 0x0000000005d20000)
 total_blobs=784 nmethods=294 adapters=449 free_code_cache=47812Kb largest_free_block=48927424

Compilation events (10 events):
Event: 123.161 Thread 0x00000000095e4000  291             java.util.HashMap::newKeyIterator (10 bytes)
Event: 123.163 Thread 0x00000000095e4000 nmethod 291 0x0000000002e514d0 code [0x0000000002e51620, 0x0000000002e51958]
Event: 123.168 Thread 0x000000000bb12800  292             java.lang.reflect.Method::getParameterAnnotations (62 bytes)
Event: 123.168 Thread 0x000000000bb12800 nmethod 292 0x0000000002e511d0 code [0x0000000002e51320, 0x0000000002e513d8]
Event: 123.245 Thread 0x00000000095e4000  293             sun.misc.VM::isBooted (4 bytes)
Event: 123.246 Thread 0x00000000095e4000 nmethod 293 0x0000000002e50fd0 code [0x0000000002e51100, 0x0000000002e51158]
Event: 123.287 Thread 0x000000000bb12800  294             java.util.LinkedList$ListItr::hasNext (20 bytes)
Event: 123.287 Thread 0x000000000bb12800 nmethod 294 0x0000000002e50d50 code [0x0000000002e50e80, 0x0000000002e50f18]
Event: 123.528 Thread 0x00000000095e4000  295             java.util.AbstractList$Itr::hasNext (20 bytes)
Event: 123.529 Thread 0x00000000095e4000 nmethod 295 0x0000000002e50890 code [0x0000000002e509e0, 0x0000000002e50b18]

GC Heap History (10 events):
Event: 30.998 GC heap before
{Heap before GC invocations=5 (full 0):
 PSYoungGen      total 18752K, used 18737K [0x00000000eb160000, 0x00000000ed600000, 0x0000000100000000)
  eden space 16128K, 100% used [0x00000000eb160000,0x00000000ec120000,0x00000000ec120000)
  from space 2624K, 99% used [0x00000000ed370000,0x00000000ed5fc4f0,0x00000000ed600000)
  to   space 2624K, 0% used [0x00000000ec120000,0x00000000ec120000,0x00000000ec3b0000)
 ParOldGen       total 42880K, used 22281K [0x00000000c1400000, 0x00000000c3de0000, 0x00000000eb160000)
  object space 42880K, 51% used [0x00000000c1400000,0x00000000c29c27b0,0x00000000c3de0000)
 PSPermGen       total 22400K, used 22251K [0x00000000bc200000, 0x00000000bd7e0000, 0x00000000c1400000)
  object space 22400K, 99% used [0x00000000bc200000,0x00000000bd7bad00,0x00000000bd7e0000)
Event: 31.003 GC heap after
Heap after GC invocations=5 (full 0):
 PSYoungGen      total 18368K, used 2621K [0x00000000eb160000, 0x00000000edc60000, 0x0000000100000000)
  eden space 15744K, 0% used [0x00000000eb160000,0x00000000eb160000,0x00000000ec0c0000)
  from space 2624K, 99% used [0x00000000ec120000,0x00000000ec3af560,0x00000000ec3b0000)
  to   space 14144K, 0% used [0x00000000ece90000,0x00000000ece90000,0x00000000edc60000)
 ParOldGen       total 42880K, used 24374K [0x00000000c1400000, 0x00000000c3de0000, 0x00000000eb160000)
  object space 42880K, 56% used [0x00000000c1400000,0x00000000c2bcda10,0x00000000c3de0000)
 PSPermGen       total 22400K, used 22251K [0x00000000bc200000, 0x00000000bd7e0000, 0x00000000c1400000)
  object space 22400K, 99% used [0x00000000bc200000,0x00000000bd7bad00,0x00000000bd7e0000)
}
Event: 31.822 GC heap before
{Heap before GC invocations=6 (full 0):
 PSYoungGen      total 18368K, used 18365K [0x00000000eb160000, 0x00000000edc60000, 0x0000000100000000)
  eden space 15744K, 100% used [0x00000000eb160000,0x00000000ec0c0000,0x00000000ec0c0000)
  from space 2624K, 99% used [0x00000000ec120000,0x00000000ec3af560,0x00000000ec3b0000)
  to   space 14144K, 0% used [0x00000000ece90000,0x00000000ece90000,0x00000000edc60000)
 ParOldGen       total 42880K, used 24374K [0x00000000c1400000, 0x00000000c3de0000, 0x00000000eb160000)
  object space 42880K, 56% used [0x00000000c1400000,0x00000000c2bcda10,0x00000000c3de0000)
 PSPermGen       total 23168K, used 23158K [0x00000000bc200000, 0x00000000bd8a0000, 0x00000000c1400000)
  object space 23168K, 99% used [0x00000000bc200000,0x00000000bd89db48,0x00000000bd8a0000)
Event: 31.827 GC heap after
Heap after GC invocations=6 (full 0):
 PSYoungGen      total 28352K, used 4619K [0x00000000eb160000, 0x00000000edb40000, 0x0000000100000000)
  eden space 15360K, 0% used [0x00000000eb160000,0x00000000eb160000,0x00000000ec060000)
  from space 12992K, 35% used [0x00000000ece90000,0x00000000ed312d40,0x00000000edb40000)
  to   space 13760K, 0% used [0x00000000ec060000,0x00000000ec060000,0x00000000ecdd0000)
 ParOldGen       total 42880K, used 24382K [0x00000000c1400000, 0x00000000c3de0000, 0x00000000eb160000)
  object space 42880K, 56% used [0x00000000c1400000,0x00000000c2bcfa10,0x00000000c3de0000)
 PSPermGen       total 23168K, used 23158K [0x00000000bc200000, 0x00000000bd8a0000, 0x00000000c1400000)
  object space 23168K, 99% used [0x00000000bc200000,0x00000000bd89db48,0x00000000bd8a0000)
}
Event: 66.421 GC heap before
{Heap before GC invocations=7 (full 0):
 PSYoungGen      total 28352K, used 19979K [0x00000000eb160000, 0x00000000edb40000, 0x0000000100000000)
  eden space 15360K, 100% used [0x00000000eb160000,0x00000000ec060000,0x00000000ec060000)
  from space 12992K, 35% used [0x00000000ece90000,0x00000000ed312d40,0x00000000edb40000)
  to   space 13760K, 0% used [0x00000000ec060000,0x00000000ec060000,0x00000000ecdd0000)
 ParOldGen       total 42880K, used 24382K [0x00000000c1400000, 0x00000000c3de0000, 0x00000000eb160000)
  object space 42880K, 56% used [0x00000000c1400000,0x00000000c2bcfa10,0x00000000c3de0000)
 PSPermGen       total 23936K, used 23908K [0x00000000bc200000, 0x00000000bd960000, 0x00000000c1400000)
  object space 23936K, 99% used [0x00000000bc200000,0x00000000bd959230,0x00000000bd960000)
Event: 66.425 GC heap after
Heap after GC invocations=7 (full 0):
 PSYoungGen      total 17408K, used 2336K [0x00000000eb160000, 0x00000000edb30000, 0x0000000100000000)
  eden space 15040K, 0% used [0x00000000eb160000,0x00000000eb160000,0x00000000ec010000)
  from space 2368K, 98% used [0x00000000ec060000,0x00000000ec2a8080,0x00000000ec2b0000)
  to   space 13888K, 0% used [0x00000000ecda0000,0x00000000ecda0000,0x00000000edb30000)
 ParOldGen       total 42880K, used 26880K [0x00000000c1400000, 0x00000000c3de0000, 0x00000000eb160000)
  object space 42880K, 62% used [0x00000000c1400000,0x00000000c2e401a0,0x00000000c3de0000)
 PSPermGen       total 23936K, used 23908K [0x00000000bc200000, 0x00000000bd960000, 0x00000000c1400000)
  object space 23936K, 99% used [0x00000000bc200000,0x00000000bd959230,0x00000000bd960000)
}
Event: 70.851 GC heap before
{Heap before GC invocations=8 (full 0):
 PSYoungGen      total 17408K, used 17376K [0x00000000eb160000, 0x00000000edb30000, 0x0000000100000000)
  eden space 15040K, 100% used [0x00000000eb160000,0x00000000ec010000,0x00000000ec010000)
  from space 2368K, 98% used [0x00000000ec060000,0x00000000ec2a8080,0x00000000ec2b0000)
  to   space 13888K, 0% used [0x00000000ecda0000,0x00000000ecda0000,0x00000000edb30000)
 ParOldGen       total 42880K, used 26880K [0x00000000c1400000, 0x00000000c3de0000, 0x00000000eb160000)
  object space 42880K, 62% used [0x00000000c1400000,0x00000000c2e401a0,0x00000000c3de0000)
 PSPermGen       total 23936K, used 23930K [0x00000000bc200000, 0x00000000bd960000, 0x00000000c1400000)
  object space 23936K, 99% used [0x00000000bc200000,0x00000000bd95e8f0,0x00000000bd960000)
Event: 70.853 GC heap after
Heap after GC invocations=8 (full 0):
 PSYoungGen      total 28288K, used 1833K [0x00000000eb160000, 0x00000000edae0000, 0x0000000100000000)
  eden space 14720K, 0% used [0x00000000eb160000,0x00000000eb160000,0x00000000ebfc0000)
  from space 13568K, 13% used [0x00000000ecda0000,0x00000000ecf6a520,0x00000000edae0000)
  to   space 13888K, 0% used [0x00000000ebfc0000,0x00000000ebfc0000,0x00000000ecd50000)
 ParOldGen       total 42880K, used 27448K [0x00000000c1400000, 0x00000000c3de0000, 0x00000000eb160000)
  object space 42880K, 64% used [0x00000000c1400000,0x00000000c2ece0c0,0x00000000c3de0000)
 PSPermGen       total 23936K, used 23930K [0x00000000bc200000, 0x00000000bd960000, 0x00000000c1400000)
  object space 23936K, 99% used [0x00000000bc200000,0x00000000bd95e8f0,0x00000000bd960000)
}
Event: 123.300 GC heap before
{Heap before GC invocations=9 (full 0):
 PSYoungGen      total 28288K, used 16553K [0x00000000eb160000, 0x00000000edae0000, 0x0000000100000000)
  eden space 14720K, 100% used [0x00000000eb160000,0x00000000ebfc0000,0x00000000ebfc0000)
  from space 13568K, 13% used [0x00000000ecda0000,0x00000000ecf6a520,0x00000000edae0000)
  to   space 13888K, 0% used [0x00000000ebfc0000,0x00000000ebfc0000,0x00000000ecd50000)
 ParOldGen       total 42880K, used 27448K [0x00000000c1400000, 0x00000000c3de0000, 0x00000000eb160000)
  object space 42880K, 64% used [0x00000000c1400000,0x00000000c2ece0c0,0x00000000c3de0000)
 PSPermGen       total 25088K, used 24999K [0x00000000bc200000, 0x00000000bda80000, 0x00000000c1400000)
  object space 25088K, 99% used [0x00000000bc200000,0x00000000bda69c20,0x00000000bda80000)
Event: 123.303 GC heap after
Heap after GC invocations=9 (full 0):
 PSYoungGen      total 15872K, used 1440K [0x00000000eb160000, 0x00000000eda50000, 0x0000000100000000)
  eden space 14400K, 0% used [0x00000000eb160000,0x00000000eb160000,0x00000000ebf70000)
  from space 1472K, 97% used [0x00000000ebfc0000,0x00000000ec128338,0x00000000ec130000)
  to   space 13760K, 0% used [0x00000000ecce0000,0x00000000ecce0000,0x00000000eda50000)
 ParOldGen       total 42880K, used 28064K [0x00000000c1400000, 0x00000000c3de0000, 0x00000000eb160000)
  object space 42880K, 65% used [0x00000000c1400000,0x00000000c2f680c0,0x00000000c3de0000)
 PSPermGen       total 25088K, used 24999K [0x00000000bc200000, 0x00000000bda80000, 0x00000000c1400000)
  object space 25088K, 99% used [0x00000000bc200000,0x00000000bda69c20,0x00000000bda80000)
}

Deoptimization events (10 events):
Event: 5.720 Thread 0x000000000c927800 Uncommon trap -34 fr.pc 0x0000000002dc45cc
Event: 5.864 Thread 0x000000000c927800 Uncommon trap -58 fr.pc 0x0000000002dd9b34
Event: 5.864 Thread 0x000000000c927800 Uncommon trap -58 fr.pc 0x0000000002dd9b34
Event: 5.864 Thread 0x000000000c927800 Uncommon trap -58 fr.pc 0x0000000002dd9b34
Event: 5.864 Thread 0x000000000c927800 Uncommon trap -58 fr.pc 0x0000000002dd9b34
Event: 5.865 Thread 0x000000000c927800 Uncommon trap -58 fr.pc 0x0000000002dc2704
Event: 5.866 Thread 0x000000000c927800 Uncommon trap -58 fr.pc 0x0000000002dc2704
Event: 5.866 Thread 0x000000000c927800 Uncommon trap -58 fr.pc 0x0000000002dc2704
Event: 5.874 Thread 0x000000000c927800 Uncommon trap -58 fr.pc 0x0000000002dc2704
Event: 5.897 Thread 0x000000000c927800 Uncommon trap 198 fr.pc 0x0000000002de2e0c

Internal exceptions (10 events):
Event: 123.623 Thread 0x000000000c927800 Threw 0x00000000eb651ab8 at C:\jdk7u2_64p\jdk7u21\hotspot\src\share\vm\interpreter\interpreterRuntime.cpp:347
Event: 123.624 Thread 0x000000000c927800 Threw 0x00000000eb655fc8 at C:\jdk7u2_64p\jdk7u21\hotspot\src\share\vm\interpreter\interpreterRuntime.cpp:347
Event: 123.625 Thread 0x000000000c927800 Threw 0x00000000eb658e08 at C:\jdk7u2_64p\jdk7u21\hotspot\src\share\vm\interpreter\interpreterRuntime.cpp:347
Event: 123.631 Thread 0x000000000c927800 Threw 0x00000000eb66e2c0 at C:\jdk7u2_64p\jdk7u21\hotspot\src\share\vm\interpreter\interpreterRuntime.cpp:347
Event: 123.631 Thread 0x000000000c927800 Threw 0x00000000eb66fe70 at C:\jdk7u2_64p\jdk7u21\hotspot\src\share\vm\interpreter\interpreterRuntime.cpp:347
Event: 123.633 Thread 0x000000000c927800 Threw 0x00000000eb677400 at C:\jdk7u2_64p\jdk7u21\hotspot\src\share\vm\interpreter\interpreterRuntime.cpp:347
Event: 123.634 Thread 0x000000000c927800 Threw 0x00000000eb67a1f0 at C:\jdk7u2_64p\jdk7u21\hotspot\src\share\vm\interpreter\interpreterRuntime.cpp:347
Event: 151.458 Thread 0x000000000c927800 Threw 0x00000000eb72b4f8 at C:\jdk7u2_64p\jdk7u21\hotspot\src\share\vm\classfile\systemDictionary.cpp:179
Event: 151.458 Thread 0x000000000c927800 Threw 0x00000000eb72c5a0 at C:\jdk7u2_64p\jdk7u21\hotspot\src\share\vm\prims\jvm.cpp:1166
Event: 151.459 Thread 0x000000000c927800 Threw 0x00000000eb7323d8 at C:\jdk7u2_64p\jdk7u21\hotspot\src\share\vm\prims\jvm.cpp:1166

Events (10 events):
Event: 171.162 Executing VM operation: ChangeSingleStep
Event: 171.162 Executing VM operation: ChangeSingleStep done
Event: 171.162 Executing VM operation: GetCurrentLocation
Event: 171.162 Executing VM operation: GetCurrentLocation done
Event: 171.162 Executing VM operation: ChangeSingleStep
Event: 171.162 Executing VM operation: ChangeSingleStep done
Event: 171.162 Executing VM operation: ChangeSingleStep
Event: 171.162 Executing VM operation: ChangeSingleStep done
Event: 173.112 Executing VM operation: RevokeBias
Event: 173.112 Executing VM operation: RevokeBias done


Dynamic libraries:
0x000007f78f4f0000 - 0x000007f78f523000 	C:\Program Files\Java\jdk1.7.0_21\bin\java.exe
0x000007fbb9c90000 - 0x000007fbb9e50000 	C:\Windows\SYSTEM32\ntdll.dll
0x000007fbb7e00000 - 0x000007fbb7f36000 	C:\Windows\system32\KERNEL32.DLL
0x000007fbb6ed0000 - 0x000007fbb6fc3000 	C:\Windows\system32\KERNELBASE.dll
0x000007fbb7120000 - 0x000007fbb71fe000 	C:\Windows\system32\ADVAPI32.dll
0x000007fbb9870000 - 0x000007fbb99bc000 	C:\Windows\system32\USER32.dll
0x000007fbb44b0000 - 0x000007fbb471a000 	C:\Windows\WinSxS\amd64_microsoft.windows.common-controls_6595b64144ccf1df_6.0.9200.16579_none_418ab7ef718b27ef\COMCTL32.dll
0x000007fbb7bb0000 - 0x000007fbb7c55000 	C:\Windows\system32\msvcrt.dll
0x000007fbb7760000 - 0x000007fbb77a8000 	C:\Windows\SYSTEM32\sechost.dll
0x000007fbb96b0000 - 0x000007fbb97f5000 	C:\Windows\system32\RPCRT4.dll
0x000007fbb99c0000 - 0x000007fbb9b01000 	C:\Windows\system32\GDI32.dll
0x000007fbb73d0000 - 0x000007fbb7409000 	C:\Windows\system32\IMM32.DLL
0x000007fbb94b0000 - 0x000007fbb95c6000 	C:\Windows\system32\MSCTF.dll
0x000000006abf0000 - 0x000000006acc1000 	C:\Program Files\Java\jdk1.7.0_21\jre\bin\msvcr100.dll
0x000000006acd0000 - 0x000000006b3f1000 	C:\Program Files\Java\jdk1.7.0_21\jre\bin\server\jvm.dll
0x000007fbb6390000 - 0x000007fbb6399000 	C:\Windows\SYSTEM32\WSOCK32.dll
0x000007fbb0fd0000 - 0x000007fbb0ff0000 	C:\Windows\SYSTEM32\WINMM.dll
0x000007fbb73c0000 - 0x000007fbb73c7000 	C:\Windows\system32\PSAPI.DLL
0x000007fbb95d0000 - 0x000007fbb9628000 	C:\Windows\system32\WS2_32.dll
0x000007fbb0e90000 - 0x000007fbb0ec3000 	C:\Windows\SYSTEM32\WINMMBASE.dll
0x000007fbb9630000 - 0x000007fbb9639000 	C:\Windows\system32\NSI.dll
0x000007fbb6c10000 - 0x000007fbb6c5f000 	C:\Windows\SYSTEM32\cfgmgr32.dll
0x000007fbb6c60000 - 0x000007fbb6c82000 	C:\Windows\system32\DEVOBJ.dll
0x000000006aba0000 - 0x000000006abaf000 	C:\Program Files\Java\jdk1.7.0_21\jre\bin\verify.dll
0x000000006ab70000 - 0x000000006ab98000 	C:\Program Files\Java\jdk1.7.0_21\jre\bin\java.dll
0x000000006a4b0000 - 0x000000006a4e5000 	C:\Program Files\Java\jdk1.7.0_21\jre\bin\jdwp.dll
0x000000006a4a0000 - 0x000000006a4a8000 	C:\Program Files\Java\jdk1.7.0_21\jre\bin\npt.dll
0x000000006ab50000 - 0x000000006ab65000 	C:\Program Files\Java\jdk1.7.0_21\jre\bin\zip.dll
0x000000006a4f0000 - 0x000000006a4fb000 	C:\Program Files\Java\jdk1.7.0_21\jre\bin\dt_shmem.dll
0x000000006a970000 - 0x000000006ab03000 	C:\Program Files\Java\jdk1.7.0_21\jre\bin\awt.dll
0x000007fbb75e0000 - 0x000007fbb76a3000 	C:\Windows\system32\OLEAUT32.dll
0x000007fbb7210000 - 0x000007fbb73c0000 	C:\Windows\system32\combase.dll
0x000007fbb1f90000 - 0x000007fbb202f000 	C:\Windows\system32\apphelp.dll
0x000007fbb5800000 - 0x000007fbb58e6000 	C:\Windows\system32\uxtheme.dll
0x000007fbb47f0000 - 0x000007fbb4811000 	C:\Windows\SYSTEM32\dwmapi.dll
0x000007fbb9b10000 - 0x000007fbb9c8e000 	C:\Windows\system32\ole32.dll
0x000007fbb6980000 - 0x000007fbb698a000 	C:\Windows\SYSTEM32\CRYPTBASE.dll
0x000007fbb6920000 - 0x000007fbb697c000 	C:\Windows\SYSTEM32\bcryptPrimitives.dll
0x000000006a930000 - 0x000000006a96e000 	C:\Program Files\Java\jdk1.7.0_21\jre\bin\fontmanager.dll
0x000007fbb81d0000 - 0x000007fbb94af000 	C:\Windows\system32\SHELL32.dll
0x000007fbb9800000 - 0x000007fbb9850000 	C:\Windows\system32\SHLWAPI.dll
0x000007fbb5d60000 - 0x000007fbb5df5000 	C:\Windows\SYSTEM32\shcore.dll
0x000000006ab30000 - 0x000000006ab49000 	C:\Program Files\Java\jdk1.7.0_21\jre\bin\net.dll
0x000007fbb6330000 - 0x000007fbb638c000 	C:\Windows\system32\mswsock.dll
0x000000006ab10000 - 0x000000006ab21000 	C:\Program Files\Java\jdk1.7.0_21\jre\bin\nio.dll
0x000007fbb7080000 - 0x000007fbb7116000 	C:\Windows\SYSTEM32\clbcatq.dll
0x000007fbb4310000 - 0x000007fbb44a3000 	C:\Windows\SYSTEM32\WindowsCodecs.dll
0x000007fbb6b40000 - 0x000007fbb6b55000 	C:\Windows\SYSTEM32\profapi.dll
0x000000006a8e0000 - 0x000000006a921000 	C:\Program Files\Java\jdk1.7.0_21\jre\bin\t2k.dll
0x000000006a8a0000 - 0x000000006a8ca000 	C:\Program Files\Java\jdk1.7.0_21\jre\bin\dcpr.dll
0x000000006a3c0000 - 0x000000006a3e4000 	C:\Program Files\Java\jdk1.7.0_21\jre\bin\sunec.dll
0x000007fbb0ce0000 - 0x000007fbb0cf4000 	C:\Windows\system32\napinsp.dll
0x000007fbb0d00000 - 0x000007fbb0d18000 	C:\Windows\system32\pnrpnsp.dll
0x000007fbb4e90000 - 0x000007fbb4ea6000 	C:\Windows\system32\NLAapi.dll
0x000007fbb60a0000 - 0x000007fbb6138000 	C:\Windows\SYSTEM32\DNSAPI.dll
0x000007fbb0d20000 - 0x000007fbb0d32000 	C:\Windows\System32\winrnr.dll
0x000007fbb0e30000 - 0x000007fbb0e38000 	C:\Windows\System32\rasadhlp.dll
0x000007fbb4210000 - 0x000007fbb423a000 	C:\Windows\SYSTEM32\IPHLPAPI.DLL
0x000007fbb3fc0000 - 0x000007fbb3fca000 	C:\Windows\SYSTEM32\WINNSI.DLL
0x000007fbb3410000 - 0x000007fbb3471000 	C:\Windows\System32\fwpuclnt.dll
0x000007fbb1c20000 - 0x000007fbb1d83000 	C:\Windows\SYSTEM32\dbghelp.dll

VM Arguments:
jvm_args: -Xdebug -Xrunjdwp:transport=dt_shmem,address=javadebug -Dfile.encoding=UTF-8 
java_command: br.com.atsinformatica.midler.Main
Launcher Type: SUN_STANDARD

Environment Variables:
JAVA_HOME=C:\Program Files\Java\jdk1.7.0_45
PATH=C:\Program Files\ImageMagick-6.8.7-Q16;C:\Program Files\Java\jdk1.7.0_45\bin;c:\ant\bin;C:\Program Files\TortoiseGit\bin;C:\Program Files (x86)\cURL\bin;C:\Ruby193\bin
USERNAME=AlexsanderPimenta
OS=Windows_NT
PROCESSOR_IDENTIFIER=Intel64 Family 6 Model 58 Stepping 9, GenuineIntel



---------------  S Y S T E M  ---------------

OS: Windows 8 , 64 bit Build 9200 

CPU:total 8 (4 cores per cpu, 2 threads per core) family 6 model 58 stepping 9, cmov, cx8, fxsr, mmx, sse, sse2, sse3, ssse3, sse4.1, sse4.2, popcnt, avx, ht, tsc, tscinvbit, tscinv

Memory: 4k page, physical 4110944k(947548k free), swap 7387744k(2497952k free)

vm_info: Java HotSpot(TM) 64-Bit Server VM (23.21-b01) for windows-amd64 JRE (1.7.0_21-b11), built on Apr  4 2013 08:11:28 by "java_re" with unknown MS VC++:1600

time: Mon Apr 14 16:23:53 2014
elapsed time: 173 seconds

