#
# A fatal error has been detected by the Java Runtime Environment:
#
#  EXCEPTION_ACCESS_VIOLATION (0xc0000005) at pc=0x00000000659dbb20, pid=4004, tid=6568
#
# JRE version: 7.0_21-b11
# Java VM: Java HotSpot(TM) 64-Bit Server VM (23.21-b01 mixed mode windows-amd64 compressed oops)
# Problematic frame:
# V  [jvm.dll+0xfbb20]
#
# Failed to write core dump. Minidumps are not enabled by default on client versions of Windows
#
# If you would like to submit a bug report, please visit:
#   http://bugreport.sun.com/bugreport/crash.jsp
#

---------------  T H R E A D  ---------------

Current thread (0x0000000008835800):  JavaThread "JDWP Transport Listener: dt_shmem" daemon [_thread_in_vm, id=6568, stack(0x000000000aa40000,0x000000000ab40000)]

siginfo: ExceptionCode=0xc0000005, reading address 0x0000000000000040

Registers:
RAX=0x0000000000000040, RBX=0x0000000008835800, RCX=0x0000000000000040, RDX=0x00000000bc20b8d0
RSP=0x000000000ab3f7f0, RBP=0x000000000868bae8, RSI=0x000000000b956a48, RDI=0x000000000b956a00
R8 =0x0000000000000010, R9 =0x0000000000000000, R10=0x00000000bd4e23f8, R11=0x000000000000000d
R12=0x0000000064ff72b8, R13=0x0000000064ff729c, R14=0x0000000064ffa4e0, R15=0x0000000064ff72b8
RIP=0x00000000659dbb20, EFLAGS=0x0000000000010246

Top of Stack: (sp=0x000000000ab3f7f0)
0x000000000ab3f7f0:   0000000008835800 000000000cd41908
0x000000000ab3f800:   00000000bd4e23f8 0000000000000052
0x000000000ab3f810:   000000000b956a48 0000000064ff395a
0x000000000ab3f820:   00000000088359d8 0000000064ffc5e8
0x000000000ab3f830:   000000000ab3f9d0 0000000000000000
0x000000000ab3f840:   0000000064ffc5e8 000000000cd41908
0x000000000ab3f850:   000000000cd41908 0000000064ff557f
0x000000000ab3f860:   000000000b956a48 0000000000000052
0x000000000ab3f870:   00000000088359d8 000000000cd41908
0x000000000ab3f880:   0000000000000000 0000000064fe69da
0x000000000ab3f890:   0000000000000000 0000000000000000
0x000000000ab3f8a0:   000000000ab3f9d0 0000000000000000
0x000000000ab3f8b0:   000000000ab3f9a0 0000000064ff5b5f
0x000000000ab3f8c0:   000000000bbeab90 00000000088359d8
0x000000000ab3f8d0:   0000000000000001 0000000000000000
0x000000000ab3f8e0:   0000000000000000 0000000000000000 

Instructions: (pc=0x00000000659dbb20)
0x00000000659dbb00:   08 8b 0d 11 0a 56 00 48 d3 e0 48 03 05 ff 09 56
0x00000000659dbb10:   00 eb 04 48 8b 40 08 8b 4a 1c 4c 8d 40 10 8b c1
0x00000000659dbb20:   4a 39 54 01 f0 75 04 b0 01 eb 11 83 f9 28 74 04
0x00000000659dbb30:   32 c0 eb 08 49 8b c8 e8 14 2e fe ff 84 c0 40 0f 


Register to memory mapping:

RAX=0x0000000000000040 is an unknown value
RBX=0x0000000008835800 is a thread
RCX=0x0000000000000040 is an unknown value
RDX=0x00000000bc20b8d0 is an oop
{instance class} 
 - klass: {other class}
RSP=0x000000000ab3f7f0 is pointing into the stack for thread: 0x0000000008835800
RBP=0x000000000868bae8 is a global jni handle
RSI=0x000000000b956a48 is an unknown value
RDI=0x000000000b956a00 is an unknown value
R8 =0x0000000000000010 is an unknown value
R9 =0x0000000000000000 is an unknown value
R10=0x00000000bd4e23f8 is an oop
{instance class} 
 - klass: {other class}
R11=0x000000000000000d is an unknown value
R12=0x0000000064ff72b8 is an unknown value
R13=0x0000000064ff729c is an unknown value
R14=0x0000000064ffa4e0 is an unknown value
R15=0x0000000064ff72b8 is an unknown value


Stack: [0x000000000aa40000,0x000000000ab40000],  sp=0x000000000ab3f7f0,  free space=1021k
Native frames: (J=compiled Java code, j=interpreted, Vv=VM code, C=native code)
V  [jvm.dll+0xfbb20]


---------------  P R O C E S S  ---------------

Java Threads: ( => current thread )
  0x000000000cd15000 JavaThread "Thread-3" [_thread_blocked, id=7028, stack(0x000000000e390000,0x000000000e490000)]
  0x000000000cd14800 JavaThread "Thread-2" [_thread_blocked, id=6228, stack(0x000000000e290000,0x000000000e390000)]
  0x000000000bc60800 JavaThread "TimerQueue" daemon [_thread_blocked, id=7076, stack(0x000000000df80000,0x000000000e080000)]
  0x0000000001d0d800 JavaThread "DestroyJavaVM" [_thread_blocked, id=2968, stack(0x0000000001dc0000,0x0000000001ec0000)]
  0x000000000b89d000 JavaThread "org.netbeans.modules.debugger.jpda.visual AWT Access Loop" daemon [_thread_blocked, id=6584, stack(0x000000000de80000,0x000000000df80000)]
  0x000000000ba84800 JavaThread "AWT-EventQueue-0" [_thread_in_native, id=6200, stack(0x000000000cb50000,0x000000000cc50000)]
  0x000000000b555000 JavaThread "AWT-Windows" daemon [_thread_in_native, id=6656, stack(0x000000000c030000,0x000000000c130000)]
  0x000000000b554800 JavaThread "AWT-Shutdown" [_thread_blocked, id=7016, stack(0x000000000bf30000,0x000000000c030000)]
  0x000000000b5a4800 JavaThread "Java2D Disposer" daemon [_thread_blocked, id=5596, stack(0x000000000be30000,0x000000000bf30000)]
  0x0000000008858000 JavaThread "Service Thread" daemon [_thread_blocked, id=1776, stack(0x000000000af40000,0x000000000b040000)]
  0x0000000008857800 JavaThread "C2 CompilerThread1" daemon [_thread_blocked, id=5232, stack(0x000000000ae40000,0x000000000af40000)]
  0x000000000884d000 JavaThread "C2 CompilerThread0" daemon [_thread_blocked, id=3996, stack(0x000000000ad40000,0x000000000ae40000)]
  0x000000000883f000 JavaThread "JDWP Command Reader" daemon [_thread_in_native, id=6868, stack(0x000000000ac40000,0x000000000ad40000)]
  0x000000000883e800 JavaThread "JDWP Event Helper Thread" daemon [_thread_blocked, id=2156, stack(0x000000000ab40000,0x000000000ac40000)]
=>0x0000000008835800 JavaThread "JDWP Transport Listener: dt_shmem" daemon [_thread_in_vm, id=6568, stack(0x000000000aa40000,0x000000000ab40000)]
  0x000000000882a800 JavaThread "Attach Listener" daemon [_thread_blocked, id=6692, stack(0x000000000a940000,0x000000000aa40000)]
  0x0000000008825800 JavaThread "Signal Dispatcher" daemon [_thread_blocked, id=6804, stack(0x000000000a840000,0x000000000a940000)]
  0x00000000087c2000 JavaThread "Finalizer" daemon [_thread_blocked, id=4700, stack(0x000000000a740000,0x000000000a840000)]
  0x00000000087ba800 JavaThread "Reference Handler" daemon [_thread_blocked, id=4924, stack(0x000000000a640000,0x000000000a740000)]

Other Threads:
  0x00000000087b4800 VMThread [stack: 0x000000000a540000,0x000000000a640000] [id=5796]
  0x000000000884e000 WatcherThread [stack: 0x000000000b440000,0x000000000b540000] [id=5068]

VM state:not at safepoint (normal execution)

VM Mutex/Monitor currently owned by a thread: None

Heap
 PSYoungGen      total 26432K, used 3123K [0x00000000eb160000, 0x00000000ed8d0000, 0x0000000100000000)
  eden space 13504K, 21% used [0x00000000eb160000,0x00000000eb424f90,0x00000000ebe90000)
  from space 12928K, 2% used [0x00000000ecc30000,0x00000000ecc78000,0x00000000ed8d0000)
  to   space 13440K, 0% used [0x00000000ebe90000,0x00000000ebe90000,0x00000000ecbb0000)
 ParOldGen       total 42880K, used 29377K [0x00000000c1400000, 0x00000000c3de0000, 0x00000000eb160000)
  object space 42880K, 68% used [0x00000000c1400000,0x00000000c30b04f8,0x00000000c3de0000)
 PSPermGen       total 25088K, used 25018K [0x00000000bc200000, 0x00000000bda80000, 0x00000000c1400000)
  object space 25088K, 99% used [0x00000000bc200000,0x00000000bda6ebe8,0x00000000bda80000)

Card table byte_map: [0x0000000005080000,0x00000000052a0000] byte_map_base: 0x0000000004a9f000

Polling page: 0x00000000003e0000

Code Cache  [0x0000000001fc0000, 0x0000000002230000, 0x0000000004fc0000)
 total_blobs=775 nmethods=285 adapters=449 free_code_cache=47798Kb largest_free_block=48903616

Compilation events (10 events):
Event: 332.870 Thread 0x000000000884d000  281             sun.reflect.annotation.AnnotationParser::toArray (18 bytes)
Event: 332.873 Thread 0x000000000884d000 nmethod 281 0x0000000002105390 code [0x0000000002105540, 0x0000000002105ab8]
Event: 333.225 Thread 0x0000000008857800  282             java.util.Collections$EmptySet::toArray (11 bytes)
Event: 333.225 Thread 0x0000000008857800 nmethod 282 0x00000000021050d0 code [0x0000000002105200, 0x00000000021052b8]
Event: 333.250 Thread 0x000000000884d000  283             java.util.HashMap$KeyIterator::<init> (6 bytes)
Event: 333.250 Thread 0x0000000008857800  284             java.util.HashMap$KeyIterator::<init> (11 bytes)
Event: 333.252 Thread 0x0000000008857800 nmethod 284 0x0000000002104bd0 code [0x0000000002104d20, 0x0000000002104f98]
Event: 333.252 Thread 0x000000000884d000 nmethod 283 0x00000000020f8290 code [0x00000000020f83e0, 0x00000000020f8678]
Event: 333.421 Thread 0x0000000008857800  285             com.sun.jersey.core.spi.factory.InjectableProviderFactory::findInjectableProviders (83 bytes)
Event: 333.426 Thread 0x0000000008857800 nmethod 285 0x0000000002116150 code [0x0000000002116300, 0x0000000002116928]

GC Heap History (10 events):
Event: 190.194 GC heap before
{Heap before GC invocations=8 (full 0):
 PSYoungGen      total 16960K, used 16938K [0x00000000eb160000, 0x00000000edbb0000, 0x0000000100000000)
  eden space 15040K, 100% used [0x00000000eb160000,0x00000000ec010000,0x00000000ec010000)
  from space 1920K, 98% used [0x00000000ec060000,0x00000000ec23aa28,0x00000000ec240000)
  to   space 14144K, 0% used [0x00000000ecde0000,0x00000000ecde0000,0x00000000edbb0000)
 ParOldGen       total 42880K, used 27135K [0x00000000c1400000, 0x00000000c3de0000, 0x00000000eb160000)
  object space 42880K, 63% used [0x00000000c1400000,0x00000000c2e7ffa8,0x00000000c3de0000)
 PSPermGen       total 24896K, used 24895K [0x00000000bc200000, 0x00000000bda50000, 0x00000000c1400000)
  object space 24896K, 99% used [0x00000000bc200000,0x00000000bda4fe00,0x00000000bda50000)
Event: 190.196 GC heap after
Heap after GC invocations=8 (full 0):
 PSYoungGen      total 28288K, used 2181K [0x00000000eb160000, 0x00000000edb20000, 0x0000000100000000)
  eden space 14720K, 0% used [0x00000000eb160000,0x00000000eb160000,0x00000000ebfc0000)
  from space 13568K, 16% used [0x00000000ecde0000,0x00000000ed001410,0x00000000edb20000)
  to   space 14016K, 0% used [0x00000000ebfc0000,0x00000000ebfc0000,0x00000000ecd70000)
 ParOldGen       total 42880K, used 27528K [0x00000000c1400000, 0x00000000c3de0000, 0x00000000eb160000)
  object space 42880K, 64% used [0x00000000c1400000,0x00000000c2ee2018,0x00000000c3de0000)
 PSPermGen       total 24896K, used 24895K [0x00000000bc200000, 0x00000000bda50000, 0x00000000c1400000)
  object space 24896K, 99% used [0x00000000bc200000,0x00000000bda4fe00,0x00000000bda50000)
}
Event: 241.190 GC heap before
{Heap before GC invocations=9 (full 0):
 PSYoungGen      total 28288K, used 16901K [0x00000000eb160000, 0x00000000edb20000, 0x0000000100000000)
  eden space 14720K, 100% used [0x00000000eb160000,0x00000000ebfc0000,0x00000000ebfc0000)
  from space 13568K, 16% used [0x00000000ecde0000,0x00000000ed001410,0x00000000edb20000)
  to   space 14016K, 0% used [0x00000000ebfc0000,0x00000000ebfc0000,0x00000000ecd70000)
 ParOldGen       total 42880K, used 27528K [0x00000000c1400000, 0x00000000c3de0000, 0x00000000eb160000)
  object space 42880K, 64% used [0x00000000c1400000,0x00000000c2ee2018,0x00000000c3de0000)
 PSPermGen       total 25088K, used 24918K [0x00000000bc200000, 0x00000000bda80000, 0x00000000c1400000)
  object space 25088K, 99% used [0x00000000bc200000,0x00000000bda55ad8,0x00000000bda80000)
Event: 241.193 GC heap after
Heap after GC invocations=9 (full 0):
 PSYoungGen      total 15872K, used 1408K [0x00000000eb160000, 0x00000000edab0000, 0x0000000100000000)
  eden space 14400K, 0% used [0x00000000eb160000,0x00000000eb160000,0x00000000ebf70000)
  from space 1472K, 95% used [0x00000000ebfc0000,0x00000000ec1200c0,0x00000000ec130000)
  to   space 13952K, 0% used [0x00000000ecd10000,0x00000000ecd10000,0x00000000edab0000)
 ParOldGen       total 42880K, used 28337K [0x00000000c1400000, 0x00000000c3de0000, 0x00000000eb160000)
  object space 42880K, 66% used [0x00000000c1400000,0x00000000c2fac468,0x00000000c3de0000)
 PSPermGen       total 25088K, used 24918K [0x00000000bc200000, 0x00000000bda80000, 0x00000000c1400000)
  object space 25088K, 99% used [0x00000000bc200000,0x00000000bda55ad8,0x00000000bda80000)
}
Event: 275.636 GC heap before
{Heap before GC invocations=10 (full 0):
 PSYoungGen      total 15872K, used 15808K [0x00000000eb160000, 0x00000000edab0000, 0x0000000100000000)
  eden space 14400K, 100% used [0x00000000eb160000,0x00000000ebf70000,0x00000000ebf70000)
  from space 1472K, 95% used [0x00000000ebfc0000,0x00000000ec1200c0,0x00000000ec130000)
  to   space 13952K, 0% used [0x00000000ecd10000,0x00000000ecd10000,0x00000000edab0000)
 ParOldGen       total 42880K, used 28337K [0x00000000c1400000, 0x00000000c3de0000, 0x00000000eb160000)
  object space 42880K, 66% used [0x00000000c1400000,0x00000000c2fac468,0x00000000c3de0000)
 PSPermGen       total 25088K, used 24950K [0x00000000bc200000, 0x00000000bda80000, 0x00000000c1400000)
  object space 25088K, 99% used [0x00000000bc200000,0x00000000bda5d9a8,0x00000000bda80000)
Event: 275.638 GC heap after
Heap after GC invocations=10 (full 0):
 PSYoungGen      total 27456K, used 1040K [0x00000000eb160000, 0x00000000eda20000, 0x0000000100000000)
  eden space 14080K, 0% used [0x00000000eb160000,0x00000000eb160000,0x00000000ebf20000)
  from space 13376K, 7% used [0x00000000ecd10000,0x00000000ece14090,0x00000000eda20000)
  to   space 13824K, 0% used [0x00000000ebf20000,0x00000000ebf20000,0x00000000ecca0000)
 ParOldGen       total 42880K, used 29025K [0x00000000c1400000, 0x00000000c3de0000, 0x00000000eb160000)
  object space 42880K, 67% used [0x00000000c1400000,0x00000000c30584a8,0x00000000c3de0000)
 PSPermGen       total 25088K, used 24950K [0x00000000bc200000, 0x00000000bda80000, 0x00000000c1400000)
  object space 25088K, 99% used [0x00000000bc200000,0x00000000bda5d9a8,0x00000000bda80000)
}
Event: 332.856 GC heap before
{Heap before GC invocations=11 (full 0):
 PSYoungGen      total 27456K, used 15120K [0x00000000eb160000, 0x00000000eda20000, 0x0000000100000000)
  eden space 14080K, 100% used [0x00000000eb160000,0x00000000ebf20000,0x00000000ebf20000)
  from space 13376K, 7% used [0x00000000ecd10000,0x00000000ece14090,0x00000000eda20000)
  to   space 13824K, 0% used [0x00000000ebf20000,0x00000000ebf20000,0x00000000ecca0000)
 ParOldGen       total 42880K, used 29025K [0x00000000c1400000, 0x00000000c3de0000, 0x00000000eb160000)
  object space 42880K, 67% used [0x00000000c1400000,0x00000000c30584a8,0x00000000c3de0000)
 PSPermGen       total 25088K, used 24981K [0x00000000bc200000, 0x00000000bda80000, 0x00000000c1400000)
  object space 25088K, 99% used [0x00000000bc200000,0x00000000bda656c8,0x00000000bda80000)
Event: 332.859 GC heap after
Heap after GC invocations=11 (full 0):
 PSYoungGen      total 14272K, used 480K [0x00000000eb160000, 0x00000000ed990000, 0x0000000100000000)
  eden space 13760K, 0% used [0x00000000eb160000,0x00000000eb160000,0x00000000ebed0000)
  from space 512K, 93% used [0x00000000ebf20000,0x00000000ebf98030,0x00000000ebfa0000)
  to   space 13696K, 0% used [0x00000000ecc30000,0x00000000ecc30000,0x00000000ed990000)
 ParOldGen       total 42880K, used 29257K [0x00000000c1400000, 0x00000000c3de0000, 0x00000000eb160000)
  object space 42880K, 68% used [0x00000000c1400000,0x00000000c30924e8,0x00000000c3de0000)
 PSPermGen       total 25088K, used 24981K [0x00000000bc200000, 0x00000000bda80000, 0x00000000c1400000)
  object space 25088K, 99% used [0x00000000bc200000,0x00000000bda656c8,0x00000000bda80000)
}
Event: 333.765 GC heap before
{Heap before GC invocations=12 (full 0):
 PSYoungGen      total 14272K, used 14240K [0x00000000eb160000, 0x00000000ed990000, 0x0000000100000000)
  eden space 13760K, 100% used [0x00000000eb160000,0x00000000ebed0000,0x00000000ebed0000)
  from space 512K, 93% used [0x00000000ebf20000,0x00000000ebf98030,0x00000000ebfa0000)
  to   space 13696K, 0% used [0x00000000ecc30000,0x00000000ecc30000,0x00000000ed990000)
 ParOldGen       total 42880K, used 29257K [0x00000000c1400000, 0x00000000c3de0000, 0x00000000eb160000)
  object space 42880K, 68% used [0x00000000c1400000,0x00000000c30924e8,0x00000000c3de0000)
 PSPermGen       total 25088K, used 24994K [0x00000000bc200000, 0x00000000bda80000, 0x00000000c1400000)
  object space 25088K, 99% used [0x00000000bc200000,0x00000000bda688c8,0x00000000bda80000)
Event: 333.766 GC heap after
Heap after GC invocations=12 (full 0):
 PSYoungGen      total 26432K, used 288K [0x00000000eb160000, 0x00000000ed8d0000, 0x0000000100000000)
  eden space 13504K, 0% used [0x00000000eb160000,0x00000000eb160000,0x00000000ebe90000)
  from space 12928K, 2% used [0x00000000ecc30000,0x00000000ecc78000,0x00000000ed8d0000)
  to   space 13440K, 0% used [0x00000000ebe90000,0x00000000ebe90000,0x00000000ecbb0000)
 ParOldGen       total 42880K, used 29377K [0x00000000c1400000, 0x00000000c3de0000, 0x00000000eb160000)
  object space 42880K, 68% used [0x00000000c1400000,0x00000000c30b04f8,0x00000000c3de0000)
 PSPermGen       total 25088K, used 24994K [0x00000000bc200000, 0x00000000bda80000, 0x00000000c1400000)
  object space 25088K, 99% used [0x00000000bc200000,0x00000000bda688c8,0x00000000bda80000)
}

Deoptimization events (10 events):
Event: 6.392 Thread 0x000000000ba84800 Uncommon trap -34 fr.pc 0x000000000206e30c
Event: 6.524 Thread 0x000000000ba84800 Uncommon trap -58 fr.pc 0x000000000207d934
Event: 6.524 Thread 0x000000000ba84800 Uncommon trap -58 fr.pc 0x000000000207d934
Event: 6.524 Thread 0x000000000ba84800 Uncommon trap -58 fr.pc 0x000000000207d934
Event: 6.524 Thread 0x000000000ba84800 Uncommon trap -58 fr.pc 0x000000000207d934
Event: 6.525 Thread 0x000000000ba84800 Uncommon trap -58 fr.pc 0x0000000002060984
Event: 6.526 Thread 0x000000000ba84800 Uncommon trap -58 fr.pc 0x0000000002060984
Event: 6.526 Thread 0x000000000ba84800 Uncommon trap -58 fr.pc 0x0000000002060984
Event: 6.535 Thread 0x000000000ba84800 Uncommon trap -58 fr.pc 0x0000000002060984
Event: 6.557 Thread 0x000000000ba84800 Uncommon trap 198 fr.pc 0x0000000002084f8c

Internal exceptions (10 events):
Event: 333.824 Thread 0x000000000ba84800 Threw 0x00000000eb24e2c0 at C:\jdk7u2_64p\jdk7u21\hotspot\src\share\vm\interpreter\interpreterRuntime.cpp:347
Event: 333.832 Thread 0x000000000ba84800 Threw 0x00000000eb2710f0 at C:\jdk7u2_64p\jdk7u21\hotspot\src\share\vm\interpreter\interpreterRuntime.cpp:347
Event: 333.833 Thread 0x000000000ba84800 Threw 0x00000000eb272cf0 at C:\jdk7u2_64p\jdk7u21\hotspot\src\share\vm\interpreter\interpreterRuntime.cpp:347
Event: 333.834 Thread 0x000000000ba84800 Threw 0x00000000eb276da8 at C:\jdk7u2_64p\jdk7u21\hotspot\src\share\vm\interpreter\interpreterRuntime.cpp:347
Event: 333.835 Thread 0x000000000ba84800 Threw 0x00000000eb279be8 at C:\jdk7u2_64p\jdk7u21\hotspot\src\share\vm\interpreter\interpreterRuntime.cpp:347
Event: 333.837 Thread 0x000000000ba84800 Threw 0x00000000eb2800a0 at C:\jdk7u2_64p\jdk7u21\hotspot\src\share\vm\interpreter\interpreterRuntime.cpp:347
Event: 333.838 Thread 0x000000000ba84800 Threw 0x00000000eb2831c0 at C:\jdk7u2_64p\jdk7u21\hotspot\src\share\vm\interpreter\interpreterRuntime.cpp:347
Event: 345.389 Thread 0x000000000ba84800 Threw 0x00000000eb2f7820 at C:\jdk7u2_64p\jdk7u21\hotspot\src\share\vm\prims\jvm.cpp:1166
Event: 345.391 Thread 0x000000000ba84800 Threw 0x00000000eb3019d0 at C:\jdk7u2_64p\jdk7u21\hotspot\src\share\vm\prims\jvm.cpp:1166
Event: 345.393 Thread 0x000000000ba84800 Threw 0x00000000eb306a28 at C:\jdk7u2_64p\jdk7u21\hotspot\src\share\vm\prims\jvm.cpp:1166

Events (10 events):
Event: 396.554 Executing VM operation: ChangeSingleStep
Event: 396.554 Executing VM operation: ChangeSingleStep done
Event: 396.556 Executing VM operation: GetCurrentLocation
Event: 396.556 Executing VM operation: GetCurrentLocation done
Event: 396.556 Executing VM operation: ChangeSingleStep
Event: 396.556 Executing VM operation: ChangeSingleStep done
Event: 396.556 Executing VM operation: ChangeSingleStep
Event: 396.556 Executing VM operation: ChangeSingleStep done
Event: 397.609 Executing VM operation: RevokeBias
Event: 397.609 Executing VM operation: RevokeBias done


Dynamic libraries:
0x000007f7a1170000 - 0x000007f7a11a3000 	C:\Program Files\Java\jdk1.7.0_21\bin\java.exe
0x000007fe263f0000 - 0x000007fe265b0000 	C:\Windows\SYSTEM32\ntdll.dll
0x000007fe24480000 - 0x000007fe245b6000 	C:\Windows\system32\KERNEL32.DLL
0x000007fe23630000 - 0x000007fe23723000 	C:\Windows\system32\KERNELBASE.dll
0x000007fe243a0000 - 0x000007fe2447e000 	C:\Windows\system32\ADVAPI32.dll
0x000007fe262a0000 - 0x000007fe263ec000 	C:\Windows\system32\USER32.dll
0x000007fe20c40000 - 0x000007fe20eaa000 	C:\Windows\WinSxS\amd64_microsoft.windows.common-controls_6595b64144ccf1df_6.0.9200.16579_none_418ab7ef718b27ef\COMCTL32.dll
0x000007fe24610000 - 0x000007fe246b5000 	C:\Windows\system32\msvcrt.dll
0x000007fe25da0000 - 0x000007fe25de8000 	C:\Windows\SYSTEM32\sechost.dll
0x000007fe26150000 - 0x000007fe26295000 	C:\Windows\system32\RPCRT4.dll
0x000007fe23c40000 - 0x000007fe23d81000 	C:\Windows\system32\GDI32.dll
0x000007fe240f0000 - 0x000007fe24129000 	C:\Windows\system32\IMM32.DLL
0x000007fe249a0000 - 0x000007fe24ab6000 	C:\Windows\system32\MSCTF.dll
0x0000000065800000 - 0x00000000658d1000 	C:\Program Files\Java\jdk1.7.0_21\jre\bin\msvcr100.dll
0x00000000658e0000 - 0x0000000066001000 	C:\Program Files\Java\jdk1.7.0_21\jre\bin\server\jvm.dll
0x000007fe226b0000 - 0x000007fe226b9000 	C:\Windows\SYSTEM32\WSOCK32.dll
0x000007fe1e5d0000 - 0x000007fe1e5f0000 	C:\Windows\SYSTEM32\WINMM.dll
0x000007fe25eb0000 - 0x000007fe25eb7000 	C:\Windows\system32\PSAPI.DLL
0x000007fe237e0000 - 0x000007fe23838000 	C:\Windows\system32\WS2_32.dll
0x000007fe1e580000 - 0x000007fe1e5b3000 	C:\Windows\SYSTEM32\WINMMBASE.dll
0x000007fe26110000 - 0x000007fe26119000 	C:\Windows\system32\NSI.dll
0x000007fe23580000 - 0x000007fe235cf000 	C:\Windows\SYSTEM32\cfgmgr32.dll
0x000007fe23370000 - 0x000007fe23392000 	C:\Windows\system32\DEVOBJ.dll
0x00000000657b0000 - 0x00000000657bf000 	C:\Program Files\Java\jdk1.7.0_21\jre\bin\verify.dll
0x0000000065780000 - 0x00000000657a8000 	C:\Program Files\Java\jdk1.7.0_21\jre\bin\java.dll
0x0000000064fd0000 - 0x0000000065005000 	C:\Program Files\Java\jdk1.7.0_21\jre\bin\jdwp.dll
0x0000000064fc0000 - 0x0000000064fc8000 	C:\Program Files\Java\jdk1.7.0_21\jre\bin\npt.dll
0x0000000065760000 - 0x0000000065775000 	C:\Program Files\Java\jdk1.7.0_21\jre\bin\zip.dll
0x0000000065010000 - 0x000000006501b000 	C:\Program Files\Java\jdk1.7.0_21\jre\bin\dt_shmem.dll
0x0000000065580000 - 0x0000000065713000 	C:\Program Files\Java\jdk1.7.0_21\jre\bin\awt.dll
0x000007fe24130000 - 0x000007fe241f3000 	C:\Windows\system32\OLEAUT32.dll
0x000007fe25ec0000 - 0x000007fe26070000 	C:\Windows\system32\combase.dll
0x000007fe1e6f0000 - 0x000007fe1e78f000 	C:\Windows\system32\apphelp.dll
0x000007fe21db0000 - 0x000007fe21e96000 	C:\Windows\system32\uxtheme.dll
0x000007fe20eb0000 - 0x000007fe20ed1000 	C:\Windows\SYSTEM32\dwmapi.dll
0x000007fe246c0000 - 0x000007fe2483e000 	C:\Windows\system32\ole32.dll
0x000007fe230e0000 - 0x000007fe230ea000 	C:\Windows\SYSTEM32\CRYPTBASE.dll
0x000007fe23080000 - 0x000007fe230dc000 	C:\Windows\SYSTEM32\bcryptPrimitives.dll
0x0000000065540000 - 0x000000006557e000 	C:\Program Files\Java\jdk1.7.0_21\jre\bin\fontmanager.dll
0x000007fe24ac0000 - 0x000007fe25d9f000 	C:\Windows\system32\SHELL32.dll
0x000007fe245c0000 - 0x000007fe24610000 	C:\Windows\system32\SHLWAPI.dll
0x000007fe22530000 - 0x000007fe225c5000 	C:\Windows\SYSTEM32\shcore.dll
0x0000000065740000 - 0x0000000065759000 	C:\Program Files\Java\jdk1.7.0_21\jre\bin\net.dll
0x000007fe22af0000 - 0x000007fe22b4c000 	C:\Windows\system32\mswsock.dll
0x0000000065720000 - 0x0000000065731000 	C:\Program Files\Java\jdk1.7.0_21\jre\bin\nio.dll
0x000007fe26070000 - 0x000007fe26106000 	C:\Windows\SYSTEM32\clbcatq.dll
0x000007fe20a70000 - 0x000007fe20c03000 	C:\Windows\SYSTEM32\WindowsCodecs.dll
0x000007fe232a0000 - 0x000007fe232b5000 	C:\Windows\SYSTEM32\profapi.dll
0x00000000654f0000 - 0x0000000065531000 	C:\Program Files\Java\jdk1.7.0_21\jre\bin\t2k.dll
0x00000000654b0000 - 0x00000000654da000 	C:\Program Files\Java\jdk1.7.0_21\jre\bin\dcpr.dll
0x0000000064ee0000 - 0x0000000064f04000 	C:\Program Files\Java\jdk1.7.0_21\jre\bin\sunec.dll
0x000007fe1d440000 - 0x000007fe1d454000 	C:\Windows\system32\napinsp.dll
0x000007fe1d460000 - 0x000007fe1d478000 	C:\Windows\system32\pnrpnsp.dll
0x000007fe21a90000 - 0x000007fe21aa6000 	C:\Windows\system32\NLAapi.dll
0x000007fe228d0000 - 0x000007fe22968000 	C:\Windows\SYSTEM32\DNSAPI.dll
0x000007fe1d530000 - 0x000007fe1d542000 	C:\Windows\System32\winrnr.dll
0x000007fe1d560000 - 0x000007fe1d568000 	C:\Windows\System32\rasadhlp.dll
0x000007fe20870000 - 0x000007fe2089a000 	C:\Windows\SYSTEM32\IPHLPAPI.DLL
0x000007fe20770000 - 0x000007fe2077a000 	C:\Windows\SYSTEM32\WINNSI.DLL
0x000007fe1ff40000 - 0x000007fe1ffa1000 	C:\Windows\System32\fwpuclnt.dll
0x000007fe106e0000 - 0x000007fe10843000 	C:\Windows\SYSTEM32\dbghelp.dll

VM Arguments:
jvm_args: -Xdebug -Xrunjdwp:transport=dt_shmem,address=javadebug -Dfile.encoding=UTF-8 
java_command: br.com.atsinformatica.midler.Main
Launcher Type: SUN_STANDARD

Environment Variables:
JAVA_HOME=C:\Program Files\Java\jdk1.7.0_45
PATH=C:\Program Files\ImageMagick-6.8.7-Q16;C:\Program Files\Java\jdk1.7.0_45\bin;c:\ant\bin;C:\Program Files\TortoiseGit\bin;C:\Ruby193\bin
USERNAME=AlexsanderPimenta
OS=Windows_NT
PROCESSOR_IDENTIFIER=Intel64 Family 6 Model 58 Stepping 9, GenuineIntel



---------------  S Y S T E M  ---------------

OS: Windows 8 , 64 bit Build 9200 

CPU:total 8 (4 cores per cpu, 2 threads per core) family 6 model 58 stepping 9, cmov, cx8, fxsr, mmx, sse, sse2, sse3, ssse3, sse4.1, sse4.2, popcnt, avx, ht, tsc, tscinvbit, tscinv

Memory: 4k page, physical 4110944k(1001656k free), swap 8305248k(3688072k free)

vm_info: Java HotSpot(TM) 64-Bit Server VM (23.21-b01) for windows-amd64 JRE (1.7.0_21-b11), built on Apr  4 2013 08:11:28 by "java_re" with unknown MS VC++:1600

time: Tue Apr 08 11:29:01 2014
elapsed time: 397 seconds

