#
# A fatal error has been detected by the Java Runtime Environment:
#
#  EXCEPTION_ACCESS_VIOLATION (0xc0000005) at pc=0x00000000659dbb20, pid=6536, tid=1124
#
# JRE version: 7.0_21-b11
# Java VM: Java HotSpot(TM) 64-Bit Server VM (23.21-b01 mixed mode windows-amd64 compressed oops)
# Problematic frame:
# V  [jvm.dll+0xfbb20]
#
# Failed to write core dump. Minidumps are not enabled by default on client versions of Windows
#
# If you would like to submit a bug report, please visit:
#   http://bugreport.sun.com/bugreport/crash.jsp
#

---------------  T H R E A D  ---------------

Current thread (0x00000000088fa800):  JavaThread "JDWP Transport Listener: dt_shmem" daemon [_thread_in_vm, id=1124, stack(0x000000000aad0000,0x000000000abd0000)]

siginfo: ExceptionCode=0xc0000005, reading address 0x0000000000000040

Registers:
RAX=0x0000000000000040, RBX=0x00000000088fa800, RCX=0x0000000000000040, RDX=0x00000000bc20b8d0
RSP=0x000000000abcf390, RBP=0x000000000874aad8, RSI=0x000000000cf307f8, RDI=0x000000000cf30700
R8 =0x0000000000000010, R9 =0x0000000000000000, R10=0x00000000bd4e1fe0, R11=0x00000000000000fc
R12=0x0000000064ff72b8, R13=0x0000000064ff729c, R14=0x0000000064ffa4e0, R15=0x0000000064ff72b8
RIP=0x00000000659dbb20, EFLAGS=0x0000000000010246

Top of Stack: (sp=0x000000000abcf390)
0x000000000abcf390:   00000000088fa800 0000000008879908
0x000000000abcf3a0:   00000000bd4e1fe0 0000000000000052
0x000000000abcf3b0:   000000000cf307f8 0000000064ff395a
0x000000000abcf3c0:   00000000088fa9d8 0000000064ffc5e8
0x000000000abcf3d0:   000000000abcf570 0000000000000000
0x000000000abcf3e0:   0000000064ffc5e8 0000000008879908
0x000000000abcf3f0:   0000000008879908 0000000064ff557f
0x000000000abcf400:   000000000cf307f8 0000000000000052
0x000000000abcf410:   00000000088fa9d8 0000000008879908
0x000000000abcf420:   0000000000000000 0000000064fe69da
0x000000000abcf430:   0000000000000000 0000000000000000
0x000000000abcf440:   000000000abcf570 0000000000000000
0x000000000abcf450:   000000000abcf540 0000000064ff5b5f
0x000000000abcf460:   000000000bd571e0 00000000088fa9d8
0x000000000abcf470:   0000000000000001 0000000000000000
0x000000000abcf480:   0000000000000000 0000000000000000 

Instructions: (pc=0x00000000659dbb20)
0x00000000659dbb00:   08 8b 0d 11 0a 56 00 48 d3 e0 48 03 05 ff 09 56
0x00000000659dbb10:   00 eb 04 48 8b 40 08 8b 4a 1c 4c 8d 40 10 8b c1
0x00000000659dbb20:   4a 39 54 01 f0 75 04 b0 01 eb 11 83 f9 28 74 04
0x00000000659dbb30:   32 c0 eb 08 49 8b c8 e8 14 2e fe ff 84 c0 40 0f 


Register to memory mapping:

RAX=0x0000000000000040 is an unknown value
RBX=0x00000000088fa800 is a thread
RCX=0x0000000000000040 is an unknown value
RDX=0x00000000bc20b8d0 is an oop
{instance class} 
 - klass: {other class}
RSP=0x000000000abcf390 is pointing into the stack for thread: 0x00000000088fa800
RBP=0x000000000874aad8 is a global jni handle
RSI=0x000000000cf307f8 is an unknown value
RDI=0x000000000cf30700 is an unknown value
R8 =0x0000000000000010 is an unknown value
R9 =0x0000000000000000 is an unknown value
R10=0x00000000bd4e1fe0 is an oop
{instance class} 
 - klass: {other class}
R11=0x00000000000000fc is an unknown value
R12=0x0000000064ff72b8 is an unknown value
R13=0x0000000064ff729c is an unknown value
R14=0x0000000064ffa4e0 is an unknown value
R15=0x0000000064ff72b8 is an unknown value


Stack: [0x000000000aad0000,0x000000000abd0000],  sp=0x000000000abcf390,  free space=1020k
Native frames: (J=compiled Java code, j=interpreted, Vv=VM code, C=native code)
V  [jvm.dll+0xfbb20]


---------------  P R O C E S S  ---------------

Java Threads: ( => current thread )
  0x000000000ce0d800 JavaThread "Thread-3" [_thread_blocked, id=6920, stack(0x000000000e450000,0x000000000e550000)]
  0x000000000d6a7800 JavaThread "Thread-2" [_thread_blocked, id=6932, stack(0x000000000e350000,0x000000000e450000)]
  0x000000000bdb4800 JavaThread "TimerQueue" daemon [_thread_blocked, id=7020, stack(0x000000000e040000,0x000000000e140000)]
  0x0000000001f7d800 JavaThread "DestroyJavaVM" [_thread_blocked, id=6488, stack(0x0000000001e70000,0x0000000001f70000)]
  0x000000000bcaa000 JavaThread "org.netbeans.modules.debugger.jpda.visual AWT Access Loop" daemon [_thread_blocked, id=7028, stack(0x000000000df40000,0x000000000e040000)]
  0x000000000bc66800 JavaThread "AWT-EventQueue-0" [_thread_blocked, id=6980, stack(0x000000000cbd0000,0x000000000ccd0000)]
  0x000000000b7c1000 JavaThread "AWT-Windows" daemon [_thread_in_native, id=6984, stack(0x000000000c0c0000,0x000000000c1c0000)]
  0x000000000b7c0800 JavaThread "AWT-Shutdown" [_thread_blocked, id=6176, stack(0x000000000bfc0000,0x000000000c0c0000)]
  0x000000000b787800 JavaThread "Java2D Disposer" daemon [_thread_blocked, id=6280, stack(0x000000000bec0000,0x000000000bfc0000)]
  0x000000000891d000 JavaThread "Service Thread" daemon [_thread_blocked, id=6172, stack(0x000000000b3d0000,0x000000000b4d0000)]
  0x000000000891c000 JavaThread "C2 CompilerThread1" daemon [_thread_blocked, id=6992, stack(0x000000000aed0000,0x000000000afd0000)]
  0x0000000008914000 JavaThread "C2 CompilerThread0" daemon [_thread_blocked, id=892, stack(0x000000000add0000,0x000000000aed0000)]
  0x0000000008900000 JavaThread "JDWP Command Reader" daemon [_thread_in_native, id=1936, stack(0x000000000acd0000,0x000000000add0000)]
  0x00000000088fc000 JavaThread "JDWP Event Helper Thread" daemon [_thread_blocked, id=6080, stack(0x000000000abd0000,0x000000000acd0000)]
=>0x00000000088fa800 JavaThread "JDWP Transport Listener: dt_shmem" daemon [_thread_in_vm, id=1124, stack(0x000000000aad0000,0x000000000abd0000)]
  0x00000000088ea000 JavaThread "Attach Listener" daemon [_thread_blocked, id=6452, stack(0x000000000a9d0000,0x000000000aad0000)]
  0x00000000088e5000 JavaThread "Signal Dispatcher" daemon [_thread_blocked, id=396, stack(0x000000000a8d0000,0x000000000a9d0000)]
  0x0000000008881000 JavaThread "Finalizer" daemon [_thread_blocked, id=1060, stack(0x000000000a7d0000,0x000000000a8d0000)]
  0x000000000887a000 JavaThread "Reference Handler" daemon [_thread_blocked, id=6164, stack(0x000000000a6d0000,0x000000000a7d0000)]

Other Threads:
  0x0000000008873800 VMThread [stack: 0x000000000a5d0000,0x000000000a6d0000] [id=6376]
  0x000000000aff2800 WatcherThread [stack: 0x000000000b4d0000,0x000000000b5d0000] [id=6344]

VM state:not at safepoint (normal execution)

VM Mutex/Monitor currently owned by a thread: None

Heap
 PSYoungGen      total 20608K, used 4554K [0x00000000eb160000, 0x00000000eccd0000, 0x0000000100000000)
  eden space 13504K, 30% used [0x00000000eb160000,0x00000000eb5627f8,0x00000000ebe90000)
  from space 7104K, 6% used [0x00000000ec5e0000,0x00000000ec650020,0x00000000eccd0000)
  to   space 7296K, 0% used [0x00000000ebe90000,0x00000000ebe90000,0x00000000ec5b0000)
 ParOldGen       total 42880K, used 27806K [0x00000000c1400000, 0x00000000c3de0000, 0x00000000eb160000)
  object space 42880K, 64% used [0x00000000c1400000,0x00000000c2f27ac8,0x00000000c3de0000)
 PSPermGen       total 25088K, used 25021K [0x00000000bc200000, 0x00000000bda80000, 0x00000000c1400000)
  object space 25088K, 99% used [0x00000000bc200000,0x00000000bda6f768,0x00000000bda80000)

Card table byte_map: [0x0000000005140000,0x0000000005360000] byte_map_base: 0x0000000004b5f000

Polling page: 0x0000000001de0000

Code Cache  [0x0000000002080000, 0x00000000022f0000, 0x0000000005080000)
 total_blobs=781 nmethods=291 adapters=449 free_code_cache=47772Kb largest_free_block=48878080

Compilation events (10 events):
Event: 211.511 Thread 0x000000000891c000  288             java.util.LinkedList$ListItr::hasNext (20 bytes)
Event: 211.512 Thread 0x000000000891c000 nmethod 288 0x00000000021d5110 code [0x00000000021d5240, 0x00000000021d52d8]
Event: 211.542 Thread 0x0000000008914000  289             java.lang.reflect.AccessibleObject::getAnnotations (5 bytes)
Event: 211.543 Thread 0x0000000008914000 nmethod 289 0x00000000021df450 code [0x00000000021df5c0, 0x00000000021df6b0]
Event: 269.898 Thread 0x000000000891c000  290             java.util.zip.InflaterInputStream::read (33 bytes)
Event: 269.899 Thread 0x000000000891c000 nmethod 290 0x00000000021d0110 code [0x00000000021d0260, 0x00000000021d0368]
Event: 269.964 Thread 0x0000000008914000  291             java.lang.CharacterDataLatin1::isJavaIdentifierPart (20 bytes)
Event: 269.964 Thread 0x0000000008914000 nmethod 291 0x00000000021d4e50 code [0x00000000021d4f80, 0x00000000021d5018]
Event: 270.165 Thread 0x000000000891c000  292             com.sun.jersey.core.spi.factory.InjectableProviderFactory::findInjectableProviders (83 bytes)
Event: 270.170 Thread 0x000000000891c000 nmethod 292 0x00000000021cf090 code [0x00000000021cf240, 0x00000000021cf898]

GC Heap History (10 events):
Event: 138.234 GC heap before
{Heap before GC invocations=8 (full 0):
 PSYoungGen      total 17792K, used 17775K [0x00000000eb160000, 0x00000000eccb0000, 0x0000000100000000)
  eden space 15040K, 100% used [0x00000000eb160000,0x00000000ec010000,0x00000000ec010000)
  from space 2752K, 99% used [0x00000000ec060000,0x00000000ec30bf78,0x00000000ec310000)
  to   space 6464K, 0% used [0x00000000ec660000,0x00000000ec660000,0x00000000eccb0000)
 ParOldGen       total 42880K, used 25010K [0x00000000c1400000, 0x00000000c3de0000, 0x00000000eb160000)
  object space 42880K, 58% used [0x00000000c1400000,0x00000000c2c6cb98,0x00000000c3de0000)
 PSPermGen       total 25088K, used 24926K [0x00000000bc200000, 0x00000000bda80000, 0x00000000c1400000)
  object space 25088K, 99% used [0x00000000bc200000,0x00000000bda578e8,0x00000000bda80000)
Event: 138.237 GC heap after
Heap after GC invocations=8 (full 0):
 PSYoungGen      total 21120K, used 2390K [0x00000000eb160000, 0x00000000ecca0000, 0x0000000100000000)
  eden space 14720K, 0% used [0x00000000eb160000,0x00000000eb160000,0x00000000ebfc0000)
  from space 6400K, 37% used [0x00000000ec660000,0x00000000ec8b5b40,0x00000000ecca0000)
  to   space 6592K, 0% used [0x00000000ebfc0000,0x00000000ebfc0000,0x00000000ec630000)
 ParOldGen       total 42880K, used 25910K [0x00000000c1400000, 0x00000000c3de0000, 0x00000000eb160000)
  object space 42880K, 60% used [0x00000000c1400000,0x00000000c2d4dad8,0x00000000c3de0000)
 PSPermGen       total 25088K, used 24926K [0x00000000bc200000, 0x00000000bda80000, 0x00000000c1400000)
  object space 25088K, 99% used [0x00000000bc200000,0x00000000bda578e8,0x00000000bda80000)
}
Event: 170.625 GC heap before
{Heap before GC invocations=9 (full 0):
 PSYoungGen      total 21120K, used 17110K [0x00000000eb160000, 0x00000000ecca0000, 0x0000000100000000)
  eden space 14720K, 100% used [0x00000000eb160000,0x00000000ebfc0000,0x00000000ebfc0000)
  from space 6400K, 37% used [0x00000000ec660000,0x00000000ec8b5b40,0x00000000ecca0000)
  to   space 6592K, 0% used [0x00000000ebfc0000,0x00000000ebfc0000,0x00000000ec630000)
 ParOldGen       total 42880K, used 25910K [0x00000000c1400000, 0x00000000c3de0000, 0x00000000eb160000)
  object space 42880K, 60% used [0x00000000c1400000,0x00000000c2d4dad8,0x00000000c3de0000)
 PSPermGen       total 25088K, used 24951K [0x00000000bc200000, 0x00000000bda80000, 0x00000000c1400000)
  object space 25088K, 99% used [0x00000000bc200000,0x00000000bda5dc68,0x00000000bda80000)
Event: 170.628 GC heap after
Heap after GC invocations=9 (full 0):
 PSYoungGen      total 15808K, used 1392K [0x00000000eb160000, 0x00000000eccd0000, 0x0000000100000000)
  eden space 14400K, 0% used [0x00000000eb160000,0x00000000eb160000,0x00000000ebf70000)
  from space 1408K, 98% used [0x00000000ebfc0000,0x00000000ec11c0a0,0x00000000ec120000)
  to   space 6848K, 0% used [0x00000000ec620000,0x00000000ec620000,0x00000000eccd0000)
 ParOldGen       total 42880K, used 26822K [0x00000000c1400000, 0x00000000c3de0000, 0x00000000eb160000)
  object space 42880K, 62% used [0x00000000c1400000,0x00000000c2e31a48,0x00000000c3de0000)
 PSPermGen       total 25088K, used 24951K [0x00000000bc200000, 0x00000000bda80000, 0x00000000c1400000)
  object space 25088K, 99% used [0x00000000bc200000,0x00000000bda5dc68,0x00000000bda80000)
}
Event: 207.574 GC heap before
{Heap before GC invocations=10 (full 0):
 PSYoungGen      total 15808K, used 15792K [0x00000000eb160000, 0x00000000eccd0000, 0x0000000100000000)
  eden space 14400K, 100% used [0x00000000eb160000,0x00000000ebf70000,0x00000000ebf70000)
  from space 1408K, 98% used [0x00000000ebfc0000,0x00000000ec11c0a0,0x00000000ec120000)
  to   space 6848K, 0% used [0x00000000ec620000,0x00000000ec620000,0x00000000eccd0000)
 ParOldGen       total 42880K, used 26822K [0x00000000c1400000, 0x00000000c3de0000, 0x00000000eb160000)
  object space 42880K, 62% used [0x00000000c1400000,0x00000000c2e31a48,0x00000000c3de0000)
 PSPermGen       total 25088K, used 24954K [0x00000000bc200000, 0x00000000bda80000, 0x00000000c1400000)
  object space 25088K, 99% used [0x00000000bc200000,0x00000000bda5e848,0x00000000bda80000)
Event: 207.576 GC heap after
Heap after GC invocations=10 (full 0):
 PSYoungGen      total 20928K, used 992K [0x00000000eb160000, 0x00000000ecce0000, 0x0000000100000000)
  eden space 14080K, 0% used [0x00000000eb160000,0x00000000eb160000,0x00000000ebf20000)
  from space 6848K, 14% used [0x00000000ec620000,0x00000000ec7180a0,0x00000000eccd0000)
  to   space 7040K, 0% used [0x00000000ebf20000,0x00000000ebf20000,0x00000000ec600000)
 ParOldGen       total 42880K, used 27462K [0x00000000c1400000, 0x00000000c3de0000, 0x00000000eb160000)
  object space 42880K, 64% used [0x00000000c1400000,0x00000000c2ed1a78,0x00000000c3de0000)
 PSPermGen       total 25088K, used 24954K [0x00000000bc200000, 0x00000000bda80000, 0x00000000c1400000)
  object space 25088K, 99% used [0x00000000bc200000,0x00000000bda5e848,0x00000000bda80000)
}
Event: 224.393 GC heap before
{Heap before GC invocations=11 (full 0):
 PSYoungGen      total 20928K, used 15072K [0x00000000eb160000, 0x00000000ecce0000, 0x0000000100000000)
  eden space 14080K, 100% used [0x00000000eb160000,0x00000000ebf20000,0x00000000ebf20000)
  from space 6848K, 14% used [0x00000000ec620000,0x00000000ec7180a0,0x00000000eccd0000)
  to   space 7040K, 0% used [0x00000000ebf20000,0x00000000ebf20000,0x00000000ec600000)
 ParOldGen       total 42880K, used 27462K [0x00000000c1400000, 0x00000000c3de0000, 0x00000000eb160000)
  object space 42880K, 64% used [0x00000000c1400000,0x00000000c2ed1a78,0x00000000c3de0000)
 PSPermGen       total 25088K, used 24958K [0x00000000bc200000, 0x00000000bda80000, 0x00000000c1400000)
  object space 25088K, 99% used [0x00000000bc200000,0x00000000bda5f820,0x00000000bda80000)
Event: 224.395 GC heap after
Heap after GC invocations=11 (full 0):
 PSYoungGen      total 14144K, used 336K [0x00000000eb160000, 0x00000000eccf0000, 0x0000000100000000)
  eden space 13760K, 0% used [0x00000000eb160000,0x00000000eb160000,0x00000000ebed0000)
  from space 384K, 87% used [0x00000000ebf20000,0x00000000ebf74020,0x00000000ebf80000)
  to   space 7232K, 0% used [0x00000000ec5e0000,0x00000000ec5e0000,0x00000000eccf0000)
 ParOldGen       total 42880K, used 27694K [0x00000000c1400000, 0x00000000c3de0000, 0x00000000eb160000)
  object space 42880K, 64% used [0x00000000c1400000,0x00000000c2f0bab8,0x00000000c3de0000)
 PSPermGen       total 25088K, used 24958K [0x00000000bc200000, 0x00000000bda80000, 0x00000000c1400000)
  object space 25088K, 99% used [0x00000000bc200000,0x00000000bda5f820,0x00000000bda80000)
}
Event: 270.463 GC heap before
{Heap before GC invocations=12 (full 0):
 PSYoungGen      total 14144K, used 14096K [0x00000000eb160000, 0x00000000eccf0000, 0x0000000100000000)
  eden space 13760K, 100% used [0x00000000eb160000,0x00000000ebed0000,0x00000000ebed0000)
  from space 384K, 87% used [0x00000000ebf20000,0x00000000ebf74020,0x00000000ebf80000)
  to   space 7232K, 0% used [0x00000000ec5e0000,0x00000000ec5e0000,0x00000000eccf0000)
 ParOldGen       total 42880K, used 27694K [0x00000000c1400000, 0x00000000c3de0000, 0x00000000eb160000)
  object space 42880K, 64% used [0x00000000c1400000,0x00000000c2f0bab8,0x00000000c3de0000)
 PSPermGen       total 25088K, used 24995K [0x00000000bc200000, 0x00000000bda80000, 0x00000000c1400000)
  object space 25088K, 99% used [0x00000000bc200000,0x00000000bda68d68,0x00000000bda80000)
Event: 270.465 GC heap after
Heap after GC invocations=12 (full 0):
 PSYoungGen      total 20608K, used 448K [0x00000000eb160000, 0x00000000eccd0000, 0x0000000100000000)
  eden space 13504K, 0% used [0x00000000eb160000,0x00000000eb160000,0x00000000ebe90000)
  from space 7104K, 6% used [0x00000000ec5e0000,0x00000000ec650020,0x00000000eccd0000)
  to   space 7296K, 0% used [0x00000000ebe90000,0x00000000ebe90000,0x00000000ec5b0000)
 ParOldGen       total 42880K, used 27806K [0x00000000c1400000, 0x00000000c3de0000, 0x00000000eb160000)
  object space 42880K, 64% used [0x00000000c1400000,0x00000000c2f27ac8,0x00000000c3de0000)
 PSPermGen       total 25088K, used 24995K [0x00000000bc200000, 0x00000000bda80000, 0x00000000c1400000)
  object space 25088K, 99% used [0x00000000bc200000,0x00000000bda68d68,0x00000000bda80000)
}

Deoptimization events (10 events):
Event: 5.971 Thread 0x000000000bc66800 Uncommon trap -34 fr.pc 0x000000000212e68c
Event: 6.104 Thread 0x000000000bc66800 Uncommon trap -58 fr.pc 0x000000000213ba34
Event: 6.104 Thread 0x000000000bc66800 Uncommon trap -58 fr.pc 0x000000000213ba34
Event: 6.104 Thread 0x000000000bc66800 Uncommon trap -58 fr.pc 0x000000000213ba34
Event: 6.104 Thread 0x000000000bc66800 Uncommon trap -58 fr.pc 0x000000000213ba34
Event: 6.105 Thread 0x000000000bc66800 Uncommon trap -58 fr.pc 0x0000000002120ac4
Event: 6.106 Thread 0x000000000bc66800 Uncommon trap -58 fr.pc 0x0000000002120ac4
Event: 6.106 Thread 0x000000000bc66800 Uncommon trap -58 fr.pc 0x0000000002120ac4
Event: 6.114 Thread 0x000000000bc66800 Uncommon trap -58 fr.pc 0x0000000002120ac4
Event: 6.140 Thread 0x000000000bc66800 Uncommon trap 198 fr.pc 0x000000000214408c

Internal exceptions (10 events):
Event: 270.575 Thread 0x000000000bc66800 Threw 0x00000000eb30c818 at C:\jdk7u2_64p\jdk7u21\hotspot\src\share\vm\interpreter\interpreterRuntime.cpp:347
Event: 270.576 Thread 0x000000000bc66800 Threw 0x00000000eb30f758 at C:\jdk7u2_64p\jdk7u21\hotspot\src\share\vm\interpreter\interpreterRuntime.cpp:347
Event: 270.584 Thread 0x000000000bc66800 Threw 0x00000000eb331f78 at C:\jdk7u2_64p\jdk7u21\hotspot\src\share\vm\interpreter\interpreterRuntime.cpp:347
Event: 270.585 Thread 0x000000000bc66800 Threw 0x00000000eb334d78 at C:\jdk7u2_64p\jdk7u21\hotspot\src\share\vm\interpreter\interpreterRuntime.cpp:347
Event: 270.602 Thread 0x000000000bc66800 Threw 0x00000000eb38d290 at C:\jdk7u2_64p\jdk7u21\hotspot\src\share\vm\interpreter\interpreterRuntime.cpp:347
Event: 270.603 Thread 0x000000000bc66800 Threw 0x00000000eb390188 at C:\jdk7u2_64p\jdk7u21\hotspot\src\share\vm\interpreter\interpreterRuntime.cpp:347
Event: 270.603 Thread 0x000000000bc66800 Threw 0x00000000eb391650 at C:\jdk7u2_64p\jdk7u21\hotspot\src\share\vm\interpreter\interpreterRuntime.cpp:347
Event: 316.450 Thread 0x000000000bc66800 Threw 0x00000000eb3e8848 at C:\jdk7u2_64p\jdk7u21\hotspot\src\share\vm\prims\jvm.cpp:1166
Event: 316.452 Thread 0x000000000bc66800 Threw 0x00000000eb3f2a10 at C:\jdk7u2_64p\jdk7u21\hotspot\src\share\vm\prims\jvm.cpp:1166
Event: 316.454 Thread 0x000000000bc66800 Threw 0x00000000eb3f7a68 at C:\jdk7u2_64p\jdk7u21\hotspot\src\share\vm\prims\jvm.cpp:1166

Events (10 events):
Event: 378.203 Executing VM operation: GetCurrentLocation
Event: 378.203 Executing VM operation: GetCurrentLocation done
Event: 378.203 Executing VM operation: ChangeSingleStep
Event: 378.203 Executing VM operation: ChangeSingleStep done
Event: 378.205 Executing VM operation: ChangeSingleStep
Event: 378.205 Executing VM operation: ChangeSingleStep done
Event: 379.438 Executing VM operation: RevokeBias
Event: 379.438 Executing VM operation: RevokeBias done
Event: 379.456 loading class 0x000000000b84eef0
Event: 379.457 loading class 0x000000000b84eef0 done


Dynamic libraries:
0x000007f7a1170000 - 0x000007f7a11a3000 	C:\Program Files\Java\jdk1.7.0_21\bin\java.exe
0x000007fe263f0000 - 0x000007fe265b0000 	C:\Windows\SYSTEM32\ntdll.dll
0x000007fe24480000 - 0x000007fe245b6000 	C:\Windows\system32\KERNEL32.DLL
0x000007fe23630000 - 0x000007fe23723000 	C:\Windows\system32\KERNELBASE.dll
0x000007fe243a0000 - 0x000007fe2447e000 	C:\Windows\system32\ADVAPI32.dll
0x000007fe262a0000 - 0x000007fe263ec000 	C:\Windows\system32\USER32.dll
0x000007fe20c40000 - 0x000007fe20eaa000 	C:\Windows\WinSxS\amd64_microsoft.windows.common-controls_6595b64144ccf1df_6.0.9200.16579_none_418ab7ef718b27ef\COMCTL32.dll
0x000007fe24610000 - 0x000007fe246b5000 	C:\Windows\system32\msvcrt.dll
0x000007fe25da0000 - 0x000007fe25de8000 	C:\Windows\SYSTEM32\sechost.dll
0x000007fe26150000 - 0x000007fe26295000 	C:\Windows\system32\RPCRT4.dll
0x000007fe23c40000 - 0x000007fe23d81000 	C:\Windows\system32\GDI32.dll
0x000007fe240f0000 - 0x000007fe24129000 	C:\Windows\system32\IMM32.DLL
0x000007fe249a0000 - 0x000007fe24ab6000 	C:\Windows\system32\MSCTF.dll
0x0000000065800000 - 0x00000000658d1000 	C:\Program Files\Java\jdk1.7.0_21\jre\bin\msvcr100.dll
0x00000000658e0000 - 0x0000000066001000 	C:\Program Files\Java\jdk1.7.0_21\jre\bin\server\jvm.dll
0x000007fe226b0000 - 0x000007fe226b9000 	C:\Windows\SYSTEM32\WSOCK32.dll
0x000007fe1e5d0000 - 0x000007fe1e5f0000 	C:\Windows\SYSTEM32\WINMM.dll
0x000007fe25eb0000 - 0x000007fe25eb7000 	C:\Windows\system32\PSAPI.DLL
0x000007fe237e0000 - 0x000007fe23838000 	C:\Windows\system32\WS2_32.dll
0x000007fe1e580000 - 0x000007fe1e5b3000 	C:\Windows\SYSTEM32\WINMMBASE.dll
0x000007fe26110000 - 0x000007fe26119000 	C:\Windows\system32\NSI.dll
0x000007fe23580000 - 0x000007fe235cf000 	C:\Windows\SYSTEM32\cfgmgr32.dll
0x000007fe23370000 - 0x000007fe23392000 	C:\Windows\system32\DEVOBJ.dll
0x00000000657b0000 - 0x00000000657bf000 	C:\Program Files\Java\jdk1.7.0_21\jre\bin\verify.dll
0x0000000065780000 - 0x00000000657a8000 	C:\Program Files\Java\jdk1.7.0_21\jre\bin\java.dll
0x0000000064fd0000 - 0x0000000065005000 	C:\Program Files\Java\jdk1.7.0_21\jre\bin\jdwp.dll
0x0000000064fc0000 - 0x0000000064fc8000 	C:\Program Files\Java\jdk1.7.0_21\jre\bin\npt.dll
0x0000000065760000 - 0x0000000065775000 	C:\Program Files\Java\jdk1.7.0_21\jre\bin\zip.dll
0x0000000065010000 - 0x000000006501b000 	C:\Program Files\Java\jdk1.7.0_21\jre\bin\dt_shmem.dll
0x0000000065580000 - 0x0000000065713000 	C:\Program Files\Java\jdk1.7.0_21\jre\bin\awt.dll
0x000007fe24130000 - 0x000007fe241f3000 	C:\Windows\system32\OLEAUT32.dll
0x000007fe25ec0000 - 0x000007fe26070000 	C:\Windows\system32\combase.dll
0x000007fe1e6f0000 - 0x000007fe1e78f000 	C:\Windows\system32\apphelp.dll
0x000007fe21db0000 - 0x000007fe21e96000 	C:\Windows\system32\uxtheme.dll
0x000007fe20eb0000 - 0x000007fe20ed1000 	C:\Windows\SYSTEM32\dwmapi.dll
0x000007fe246c0000 - 0x000007fe2483e000 	C:\Windows\system32\ole32.dll
0x000007fe230e0000 - 0x000007fe230ea000 	C:\Windows\SYSTEM32\CRYPTBASE.dll
0x000007fe23080000 - 0x000007fe230dc000 	C:\Windows\SYSTEM32\bcryptPrimitives.dll
0x0000000065540000 - 0x000000006557e000 	C:\Program Files\Java\jdk1.7.0_21\jre\bin\fontmanager.dll
0x000007fe24ac0000 - 0x000007fe25d9f000 	C:\Windows\system32\SHELL32.dll
0x000007fe245c0000 - 0x000007fe24610000 	C:\Windows\system32\SHLWAPI.dll
0x000007fe22530000 - 0x000007fe225c5000 	C:\Windows\SYSTEM32\shcore.dll
0x0000000065740000 - 0x0000000065759000 	C:\Program Files\Java\jdk1.7.0_21\jre\bin\net.dll
0x000007fe22af0000 - 0x000007fe22b4c000 	C:\Windows\system32\mswsock.dll
0x0000000065720000 - 0x0000000065731000 	C:\Program Files\Java\jdk1.7.0_21\jre\bin\nio.dll
0x000007fe26070000 - 0x000007fe26106000 	C:\Windows\SYSTEM32\clbcatq.dll
0x000007fe20a70000 - 0x000007fe20c03000 	C:\Windows\SYSTEM32\WindowsCodecs.dll
0x000007fe232a0000 - 0x000007fe232b5000 	C:\Windows\SYSTEM32\profapi.dll
0x00000000654f0000 - 0x0000000065531000 	C:\Program Files\Java\jdk1.7.0_21\jre\bin\t2k.dll
0x00000000654b0000 - 0x00000000654da000 	C:\Program Files\Java\jdk1.7.0_21\jre\bin\dcpr.dll
0x0000000064ee0000 - 0x0000000064f04000 	C:\Program Files\Java\jdk1.7.0_21\jre\bin\sunec.dll
0x000007fe1d440000 - 0x000007fe1d454000 	C:\Windows\system32\napinsp.dll
0x000007fe1d460000 - 0x000007fe1d478000 	C:\Windows\system32\pnrpnsp.dll
0x000007fe21a90000 - 0x000007fe21aa6000 	C:\Windows\system32\NLAapi.dll
0x000007fe228d0000 - 0x000007fe22968000 	C:\Windows\SYSTEM32\DNSAPI.dll
0x000007fe1d530000 - 0x000007fe1d542000 	C:\Windows\System32\winrnr.dll
0x000007fe1d560000 - 0x000007fe1d568000 	C:\Windows\System32\rasadhlp.dll
0x000007fe20870000 - 0x000007fe2089a000 	C:\Windows\SYSTEM32\IPHLPAPI.DLL
0x000007fe20770000 - 0x000007fe2077a000 	C:\Windows\SYSTEM32\WINNSI.DLL
0x000007fe1ff40000 - 0x000007fe1ffa1000 	C:\Windows\System32\fwpuclnt.dll
0x000007fe106e0000 - 0x000007fe10843000 	C:\Windows\SYSTEM32\dbghelp.dll

VM Arguments:
jvm_args: -Xdebug -Xrunjdwp:transport=dt_shmem,address=javadebug -Dfile.encoding=UTF-8 
java_command: br.com.atsinformatica.midler.Main
Launcher Type: SUN_STANDARD

Environment Variables:
JAVA_HOME=C:\Program Files\Java\jdk1.7.0_45
PATH=C:\Program Files\ImageMagick-6.8.7-Q16;C:\Program Files\Java\jdk1.7.0_45\bin;c:\ant\bin;C:\Program Files\TortoiseGit\bin;C:\Ruby193\bin
USERNAME=AlexsanderPimenta
OS=Windows_NT
PROCESSOR_IDENTIFIER=Intel64 Family 6 Model 58 Stepping 9, GenuineIntel



---------------  S Y S T E M  ---------------

OS: Windows 8 , 64 bit Build 9200 

CPU:total 8 (4 cores per cpu, 2 threads per core) family 6 model 58 stepping 9, cmov, cx8, fxsr, mmx, sse, sse2, sse3, ssse3, sse4.1, sse4.2, popcnt, avx, ht, tsc, tscinvbit, tscinv

Memory: 4k page, physical 4110944k(883796k free), swap 8305248k(4024444k free)

vm_info: Java HotSpot(TM) 64-Bit Server VM (23.21-b01) for windows-amd64 JRE (1.7.0_21-b11), built on Apr  4 2013 08:11:28 by "java_re" with unknown MS VC++:1600

time: Tue Apr 08 08:53:17 2014
elapsed time: 379 seconds

